190909 174333.633|CONFIG|main|setFileHandlers|Now logging to D:\Wamp64\www\GitHub\University\COMP-248\comp248_labs\bin\logs directory.
190909 174333.634|INFO|main|info|
190909 174333.635|INFO|main|info|Version 9.6.0 () Java ver 1.8.0_221 build 5102 Windows 10 10.0 (x86) 
190909 174333.635|INFO|main|startLog|Working directory is D:\Wamp64\www\GitHub\University\COMP-248\comp248_labs\bin
190909 174333.645|INFO|main|startLog|Process id is 1352@DESKTOP-0RQ392J
190909 174333.645|INFO|main|start|Starting ConnectionManager...
190909 174334.378|INFO|main|start|Started ConnectionManager
190909 174334.381|INFO|main|setClientServerAndPort|INIFile File location: file:/D:/Wamp64/www/GitHub/University/COMP-248/comp248_labs/bin/pc2v9.ini
190909 174334.381|INFO|main|setClientServerAndPort|setClientServerAndPort apic1.encs.concordia.ca parsed as apic1.encs.concordia.ca port 50002
190909 174334.381|INFO|main|info|Contacting server at apic1.encs.concordia.ca:50002
190909 174334.382|INFO|main|connectToMyServer|Connecting to apic1.encs.concordia.ca:50002
190909 174334.488|INFO|Thread-1|receiveUnencrypted|receiveUnencrypted(TransportWrapper, ConnectionHandlerID=Socket[addr=apic1.encs.concordia.ca/132.205.108.16,port=50002,localport=54467]-7011171918796115717)
190909 174334.657|INFO|Thread-1|receiveUnencrypted|receiveUnencrypted Made a secret key for Socket[addr=apic1.encs.concordia.ca/132.205.108.16,port=50002,localport=54467]-7011171918796115717 key is com.sun.crypto.provider.DESKey@18699
190909 174334.657|INFO|Thread-1|getPublicKeyPacket|Generating Unencrypted Public Key Packet
190909 174334.658|INFO|Thread-1|getPublicKeyPacket|checking key:= SunJCE Diffie-Hellman Public Key:
y:
    8cd0cca8 1b58800c ab23395c 70286a40 9c6bd2f0 d5ef6e33 f8cdfafc a38f4f37
    b9823560 9cdd65b9 0b82d5b5 98113cbd b6344c20 78afc097 9f0dd68d 90122e57
    1b504e23 29293ae2 72497898 ac3c0841 98d1b6c4 b4d054fc 2f2d2504 b486f9d9
    c0af373a b84be6ef 9bfd5934 e4104e13 7a6e184f beb5b224 b4b0c016 e58f14b9
p:
    f488fd58 4e49dbcd 20b49de4 9107366b 336c380d 451d0f7c 88b31c7c 5b2d8ef6
    f3c923c0 43f0a55b 188d8ebb 558cb85d 38d334fd 7c175743 a31d186c de33212c
    b52aff3c e1b12940 18118d7c 84a70a72 d686c403 19c80729 7aca950c d9969fab
    d00a509b 0246d308 3d66a45d 419f9c7c bd894b22 1926baab a25ec355 e92f78c7
g:
    02
l:
    512
190909 174334.658|INFO|Thread-1|getPublicKeyPacket|packet:= edu.csus.ecs.pc2.core.transport.TransportWrapper@15bf865
