191021 191827.204|CONFIG|main|setFileHandlers|Now logging to D:\Wamp64\www\GitHub\University\COMP-248\comp248_labs\bin\logs directory.
191021 191827.205|INFO|main|info|
191021 191827.206|INFO|main|info|Version 9.6.0 () Java ver 1.8.0_221 build 5102 Windows 10 10.0 (x86) 
191021 191827.206|INFO|main|startLog|Working directory is D:\Wamp64\www\GitHub\University\COMP-248\comp248_labs\bin
191021 191827.212|INFO|main|startLog|Process id is 5592@DESKTOP-0RQ392J
191021 191827.213|INFO|main|start|Starting ConnectionManager...
191021 191827.372|INFO|main|start|Started ConnectionManager
191021 191827.373|INFO|main|setClientServerAndPort|INIFile File location: file:/D:/Wamp64/www/GitHub/University/COMP-248/comp248_labs/bin/pc2v9.ini
191021 191827.373|INFO|main|setClientServerAndPort|setClientServerAndPort apic1.encs.concordia.ca parsed as apic1.encs.concordia.ca port 50002
191021 191827.374|INFO|main|info|Contacting server at apic1.encs.concordia.ca:50002
191021 191827.374|INFO|main|connectToMyServer|Connecting to apic1.encs.concordia.ca:50002
191021 191827.480|INFO|Thread-1|receiveUnencrypted|receiveUnencrypted(TransportWrapper, ConnectionHandlerID=Socket[addr=apic1.encs.concordia.ca/132.205.108.16,port=50002,localport=56360]--9044388171113478708)
191021 191827.670|INFO|Thread-1|receiveUnencrypted|receiveUnencrypted Made a secret key for Socket[addr=apic1.encs.concordia.ca/132.205.108.16,port=50002,localport=56360]--9044388171113478708 key is com.sun.crypto.provider.DESKey@184fd
191021 191827.670|INFO|Thread-1|getPublicKeyPacket|Generating Unencrypted Public Key Packet
191021 191827.670|INFO|Thread-1|getPublicKeyPacket|checking key:= SunJCE Diffie-Hellman Public Key:
y:
    7aee1796 1b029676 1b69f564 7689398f 6a043eaf b4d4bf2d c8b9e55f 039c0f15
    7eeadfad 072ef6e9 0eae583e 1c3998ed 1eba047c 3b86dad0 e783456b 8087c5e7
    746bfd74 fb80f743 1174c07d cbf79fc0 585bba6e 7a65361a 4d04f54d 5f3ce579
    da6bef35 234dbaee 2ef97878 371b2087 0cebf641 8cc6ef4c 5eda1e87 a967337c
p:
    f488fd58 4e49dbcd 20b49de4 9107366b 336c380d 451d0f7c 88b31c7c 5b2d8ef6
    f3c923c0 43f0a55b 188d8ebb 558cb85d 38d334fd 7c175743 a31d186c de33212c
    b52aff3c e1b12940 18118d7c 84a70a72 d686c403 19c80729 7aca950c d9969fab
    d00a509b 0246d308 3d66a45d 419f9c7c bd894b22 1926baab a25ec355 e92f78c7
g:
    02
l:
    512
191021 191827.671|INFO|Thread-1|getPublicKeyPacket|packet:= edu.csus.ecs.pc2.core.transport.TransportWrapper@999b8b
