190930 193730.741|CONFIG|main|setFileHandlers|Now logging to C:\Users\shadi\Google Drive\University\COMP-248\comp248_labs\bin\logs directory.
190930 193730.742|INFO|main|info|
190930 193730.743|INFO|main|info|Version 9.6.0 () Java ver 1.8.0_221 build 5102 Windows 10 10.0 (x86) 
190930 193730.743|INFO|main|startLog|Working directory is C:\Users\shadi\Google Drive\University\COMP-248\comp248_labs\bin
190930 193730.750|INFO|main|startLog|Process id is 17388@DESKTOP-0RQ392J
190930 193730.750|INFO|main|start|Starting ConnectionManager...
190930 193730.991|INFO|main|start|Started ConnectionManager
190930 193730.992|INFO|main|setClientServerAndPort|INIFile File location: file:/C:/Users/shadi/Google%20Drive/University/COMP-248/comp248_labs/bin/pc2v9.ini
190930 193730.992|INFO|main|setClientServerAndPort|setClientServerAndPort apic1.encs.concordia.ca parsed as apic1.encs.concordia.ca port 50002
190930 193730.992|INFO|main|info|Contacting server at apic1.encs.concordia.ca:50002
190930 193730.993|INFO|main|connectToMyServer|Connecting to apic1.encs.concordia.ca:50002
190930 193731.270|INFO|Thread-1|receiveUnencrypted|receiveUnencrypted(TransportWrapper, ConnectionHandlerID=Socket[addr=apic1.encs.concordia.ca/132.205.108.16,port=50002,localport=55694]-6920242146885491716)
190930 193731.467|INFO|Thread-1|receiveUnencrypted|receiveUnencrypted Made a secret key for Socket[addr=apic1.encs.concordia.ca/132.205.108.16,port=50002,localport=55694]-6920242146885491716 key is com.sun.crypto.provider.DESKey@fffe7aaa
190930 193731.467|INFO|Thread-1|getPublicKeyPacket|Generating Unencrypted Public Key Packet
190930 193731.467|INFO|Thread-1|getPublicKeyPacket|checking key:= SunJCE Diffie-Hellman Public Key:
y:
    c1605bcf ae314fa6 b056adec f00cc8d1 ef30e6be 9c0da993 629316a5 baacf98d
    bccc84bb 9e313813 857d7914 e2e74b85 69fda88d efc86697 dd1f2ad8 4079b574
    779c693d e9717238 b3095cd3 4097e422 70d5755c 899834c9 9f2de3f9 35db1db2
    594a3369 a7bad0e0 a9d39f3a 9ff2f2d7 a5b9bb76 803b789e fc97f672 99f62034
p:
    f488fd58 4e49dbcd 20b49de4 9107366b 336c380d 451d0f7c 88b31c7c 5b2d8ef6
    f3c923c0 43f0a55b 188d8ebb 558cb85d 38d334fd 7c175743 a31d186c de33212c
    b52aff3c e1b12940 18118d7c 84a70a72 d686c403 19c80729 7aca950c d9969fab
    d00a509b 0246d308 3d66a45d 419f9c7c bd894b22 1926baab a25ec355 e92f78c7
g:
    02
l:
    512
190930 193731.467|INFO|Thread-1|getPublicKeyPacket|packet:= edu.csus.ecs.pc2.core.transport.TransportWrapper@15bf865
