190923 194556.848|CONFIG|main|setFileHandlers|Now logging to D:\Wamp64\www\GitHub\University\COMP-248\comp248_labs\bin\logs directory.
190923 194556.849|INFO|main|info|
190923 194556.849|INFO|main|info|Version 9.6.0 () Java ver 1.8.0_221 build 5102 Windows 10 10.0 (x86) 
190923 194556.850|INFO|main|startLog|Working directory is D:\Wamp64\www\GitHub\University\COMP-248\comp248_labs\bin
190923 194556.855|INFO|main|startLog|Process id is 92@DESKTOP-0RQ392J
190923 194556.855|INFO|main|start|Starting ConnectionManager...
190923 194557.000|INFO|main|start|Started ConnectionManager
190923 194557.001|INFO|main|setClientServerAndPort|INIFile File location: file:/D:/Wamp64/www/GitHub/University/COMP-248/comp248_labs/bin/pc2v9.ini
190923 194557.001|INFO|main|setClientServerAndPort|setClientServerAndPort apic1.encs.concordia.ca parsed as apic1.encs.concordia.ca port 50002
190923 194557.002|INFO|main|info|Contacting server at apic1.encs.concordia.ca:50002
190923 194557.002|INFO|main|connectToMyServer|Connecting to apic1.encs.concordia.ca:50002
190923 194557.106|INFO|Thread-1|receiveUnencrypted|receiveUnencrypted(TransportWrapper, ConnectionHandlerID=Socket[addr=apic1.encs.concordia.ca/132.205.108.16,port=50002,localport=58959]-4690738552660118033)
190923 194557.270|INFO|Thread-1|receiveUnencrypted|receiveUnencrypted Made a secret key for Socket[addr=apic1.encs.concordia.ca/132.205.108.16,port=50002,localport=58959]-4690738552660118033 key is com.sun.crypto.provider.DESKey@fffe792c
190923 194557.271|INFO|Thread-1|getPublicKeyPacket|Generating Unencrypted Public Key Packet
190923 194557.271|INFO|Thread-1|getPublicKeyPacket|checking key:= SunJCE Diffie-Hellman Public Key:
y:
    d8ee60fe 92adec71 f3724662 8b106bee e2c93aa3 9bce847f 9c17a5e7 1738e90e
    c573cb01 5d3e153c 8ae8ce9e 77683ccf 0a95626e 13cc58e9 43c3c662 a4eccc71
    082bfaee 29878e49 dab5d50d a8c19067 bc845845 efb1bf51 3bc0b6fc 3cea4aec
    4bf4b86a c819cf46 eb8f9c80 f9c2c412 45421199 d254e447 9e52187b 4c76b83c
p:
    f488fd58 4e49dbcd 20b49de4 9107366b 336c380d 451d0f7c 88b31c7c 5b2d8ef6
    f3c923c0 43f0a55b 188d8ebb 558cb85d 38d334fd 7c175743 a31d186c de33212c
    b52aff3c e1b12940 18118d7c 84a70a72 d686c403 19c80729 7aca950c d9969fab
    d00a509b 0246d308 3d66a45d 419f9c7c bd894b22 1926baab a25ec355 e92f78c7
g:
    02
l:
    512
190923 194557.271|INFO|Thread-1|getPublicKeyPacket|packet:= edu.csus.ecs.pc2.core.transport.TransportWrapper@999b8b
