191007 194409.982|CONFIG|main|setFileHandlers|Now logging to C:\Users\shadi\Google Drive\University\COMP-248\comp248_labs\bin\logs directory.
191007 194409.983|INFO|main|info|
191007 194409.984|INFO|main|info|Version 9.6.0 () Java ver 1.8.0_221 build 5102 Windows 10 10.0 (x86) 
191007 194409.984|INFO|main|startLog|Working directory is C:\Users\shadi\Google Drive\University\COMP-248\comp248_labs\bin
191007 194409.990|INFO|main|startLog|Process id is 18944@DESKTOP-0RQ392J
191007 194409.990|INFO|main|start|Starting ConnectionManager...
191007 194410.216|INFO|main|start|Started ConnectionManager
191007 194410.217|INFO|main|setClientServerAndPort|INIFile File location: file:/C:/Users/shadi/Google%20Drive/University/COMP-248/comp248_labs/bin/pc2v9.ini
191007 194410.217|INFO|main|setClientServerAndPort|setClientServerAndPort apic1.encs.concordia.ca parsed as apic1.encs.concordia.ca port 50002
191007 194410.217|INFO|main|info|Contacting server at apic1.encs.concordia.ca:50002
191007 194410.217|INFO|main|connectToMyServer|Connecting to apic1.encs.concordia.ca:50002
191007 194410.329|INFO|Thread-1|receiveUnencrypted|receiveUnencrypted(TransportWrapper, ConnectionHandlerID=Socket[addr=apic1.encs.concordia.ca/132.205.108.16,port=50002,localport=53023]--8669437263137247203)
191007 194410.514|INFO|Thread-1|receiveUnencrypted|receiveUnencrypted Made a secret key for Socket[addr=apic1.encs.concordia.ca/132.205.108.16,port=50002,localport=53023]--8669437263137247203 key is com.sun.crypto.provider.DESKey@18237
191007 194410.514|INFO|Thread-1|getPublicKeyPacket|Generating Unencrypted Public Key Packet
191007 194410.515|INFO|Thread-1|getPublicKeyPacket|checking key:= SunJCE Diffie-Hellman Public Key:
y:
    cec28ab6 33da6cd5 f99b08c5 a8f9a0d2 d8da4432 2eb4ded4 913b8744 0b7b906b
    82e2720d 1c5d2115 62744df0 107dbac7 64803ec6 b1e3e24a 6ef3b69d beb7201b
    689b2d84 866d450a 4f6a15f8 482befdb deccb658 c7ac6a4c 0531a18a 579617a7
    41972da6 5d97ce94 7bd25ee8 8283e77f 6bbbdc6e e59e8ad5 b205d15e 87398214
p:
    f488fd58 4e49dbcd 20b49de4 9107366b 336c380d 451d0f7c 88b31c7c 5b2d8ef6
    f3c923c0 43f0a55b 188d8ebb 558cb85d 38d334fd 7c175743 a31d186c de33212c
    b52aff3c e1b12940 18118d7c 84a70a72 d686c403 19c80729 7aca950c d9969fab
    d00a509b 0246d308 3d66a45d 419f9c7c bd894b22 1926baab a25ec355 e92f78c7
g:
    02
l:
    512
191007 194410.515|INFO|Thread-1|getPublicKeyPacket|packet:= edu.csus.ecs.pc2.core.transport.TransportWrapper@45cb69
