190903 204608.129|CONFIG|main|setFileHandlers|Now logging to D:\Wamp64\www\GitHub\COMP-248\comp248_labs\bin\logs directory.
190903 204608.130|INFO|main|info|
190903 204608.130|INFO|main|info|Version 9.6.0 () Java ver 1.8.0_221 build 5102 Windows 10 10.0 (x86) 
190903 204608.131|INFO|main|startLog|Working directory is D:\Wamp64\www\GitHub\COMP-248\comp248_labs\bin
190903 204608.148|INFO|main|startLog|Process id is 13024@DESKTOP-0RQ392J
190903 204608.148|INFO|main|start|Starting ConnectionManager...
190903 204608.537|INFO|main|start|Started ConnectionManager
190903 204608.540|INFO|main|setClientServerAndPort|INIFile File location: file:/D:/Wamp64/www/GitHub/COMP-248/comp248_labs/bin/pc2v9.ini
190903 204608.540|INFO|main|setClientServerAndPort|setClientServerAndPort apic1.encs.concordia.ca parsed as apic1.encs.concordia.ca port 50002
190903 204608.540|INFO|main|info|Contacting server at apic1.encs.concordia.ca:50002
190903 204608.540|INFO|main|connectToMyServer|Connecting to apic1.encs.concordia.ca:50002
190903 204608.666|INFO|Thread-1|receiveUnencrypted|receiveUnencrypted(TransportWrapper, ConnectionHandlerID=Socket[addr=apic1.encs.concordia.ca/132.205.108.16,port=50002,localport=63248]--3505937312736146391)
190903 204608.844|INFO|Thread-1|receiveUnencrypted|receiveUnencrypted Made a secret key for Socket[addr=apic1.encs.concordia.ca/132.205.108.16,port=50002,localport=63248]--3505937312736146391 key is com.sun.crypto.provider.DESKey@185e8
190903 204608.844|INFO|Thread-1|getPublicKeyPacket|Generating Unencrypted Public Key Packet
190903 204608.844|INFO|Thread-1|getPublicKeyPacket|checking key:= SunJCE Diffie-Hellman Public Key:
y:
    11eb0d2d 8fd9b8bd c4d3aa18 bead102d bf29a90c c6c19061 4364be2b 7b06ee8c
    e6e52333 7fef5b08 c13a70c7 62efaceb b9e7f20a 9ebf1dfa a3d5eea6 79301e32
    0a4104b6 d9f39018 aebf579a 68abba9f ea264132 3da0596a 65af76ef bc4efb39
    e299e0b6 06f88443 82d9a6e1 2ae1324b 2a89110a cbc0026f 66c50bfb 83316ab0
p:
    f488fd58 4e49dbcd 20b49de4 9107366b 336c380d 451d0f7c 88b31c7c 5b2d8ef6
    f3c923c0 43f0a55b 188d8ebb 558cb85d 38d334fd 7c175743 a31d186c de33212c
    b52aff3c e1b12940 18118d7c 84a70a72 d686c403 19c80729 7aca950c d9969fab
    d00a509b 0246d308 3d66a45d 419f9c7c bd894b22 1926baab a25ec355 e92f78c7
g:
    02
l:
    512
190903 204608.844|INFO|Thread-1|getPublicKeyPacket|packet:= edu.csus.ecs.pc2.core.transport.TransportWrapper@15bf865
