191028 194536.846|CONFIG|main|setFileHandlers|Now logging to D:\Wamp64\www\GitHub\University\COMP-248\comp248_labs\bin\logs directory.
191028 194536.847|INFO|main|info|
191028 194536.848|INFO|main|info|Version 9.6.0 () Java ver 1.8.0_221 build 5102 Windows 10 10.0 (x86) 
191028 194536.848|INFO|main|startLog|Working directory is D:\Wamp64\www\GitHub\University\COMP-248\comp248_labs\bin
191028 194536.853|INFO|main|startLog|Process id is 9332@DESKTOP-0RQ392J
191028 194536.854|INFO|main|start|Starting ConnectionManager...
191028 194537.013|INFO|main|start|Started ConnectionManager
191028 194537.014|INFO|main|setClientServerAndPort|INIFile File location: file:/D:/Wamp64/www/GitHub/University/COMP-248/comp248_labs/bin/pc2v9.ini
191028 194537.014|INFO|main|setClientServerAndPort|setClientServerAndPort apic1.encs.concordia.ca parsed as apic1.encs.concordia.ca port 50002
191028 194537.014|INFO|main|info|Contacting server at apic1.encs.concordia.ca:50002
191028 194537.015|INFO|main|connectToMyServer|Connecting to apic1.encs.concordia.ca:50002
191028 194537.134|INFO|Thread-1|receiveUnencrypted|receiveUnencrypted(TransportWrapper, ConnectionHandlerID=Socket[addr=apic1.encs.concordia.ca/132.205.108.16,port=50002,localport=61899]--7027640449390935360)
191028 194537.322|INFO|Thread-1|receiveUnencrypted|receiveUnencrypted Made a secret key for Socket[addr=apic1.encs.concordia.ca/132.205.108.16,port=50002,localport=61899]--7027640449390935360 key is com.sun.crypto.provider.DESKey@184c2
191028 194537.322|INFO|Thread-1|getPublicKeyPacket|Generating Unencrypted Public Key Packet
191028 194537.323|INFO|Thread-1|getPublicKeyPacket|checking key:= SunJCE Diffie-Hellman Public Key:
y:
    3871c7c3 907094ea 7ab78d02 bc57851b b0bc7ed2 90cd428b 4a8d35ff c95ff26c
    d83ff349 554795ec 975154c6 cbccb396 d11fe84f e4fedca4 e5bfa31f e7d66ac9
    18363822 d356cfd5 a84e9145 0c2f62da 7fe5f95a 3789ae78 09cc3811 0b1517ca
    7971bbe7 cb49e52f c34dbac9 de34ec17 adf20641 e950b835 a1330e59 80d26e62
p:
    f488fd58 4e49dbcd 20b49de4 9107366b 336c380d 451d0f7c 88b31c7c 5b2d8ef6
    f3c923c0 43f0a55b 188d8ebb 558cb85d 38d334fd 7c175743 a31d186c de33212c
    b52aff3c e1b12940 18118d7c 84a70a72 d686c403 19c80729 7aca950c d9969fab
    d00a509b 0246d308 3d66a45d 419f9c7c bd894b22 1926baab a25ec355 e92f78c7
g:
    02
l:
    512
191028 194537.323|INFO|Thread-1|getPublicKeyPacket|packet:= edu.csus.ecs.pc2.core.transport.TransportWrapper@999b8b
