191118 202033.329|CONFIG|main|setFileHandlers|Now logging to D:\Wamp64\www\GitHub\University\COMP-248\comp248_labs\bin\logs directory.
191118 202033.330|INFO|main|info|
191118 202033.331|INFO|main|info|Version 9.6.0 () Java ver 1.8.0_221 build 5102 Windows 10 10.0 (x86) 
191118 202033.331|INFO|main|startLog|Working directory is D:\Wamp64\www\GitHub\University\COMP-248\comp248_labs\bin
191118 202033.337|INFO|main|startLog|Process id is 9388@DESKTOP-0RQ392J
191118 202033.337|INFO|main|start|Starting ConnectionManager...
191118 202033.501|INFO|main|start|Started ConnectionManager
191118 202033.502|INFO|main|setClientServerAndPort|INIFile File location: file:/D:/Wamp64/www/GitHub/University/COMP-248/comp248_labs/bin/pc2v9.ini
191118 202033.502|INFO|main|setClientServerAndPort|setClientServerAndPort apic1.encs.concordia.ca parsed as apic1.encs.concordia.ca port 50002
191118 202033.502|INFO|main|info|Contacting server at apic1.encs.concordia.ca:50002
191118 202033.502|INFO|main|connectToMyServer|Connecting to apic1.encs.concordia.ca:50002
191118 202033.639|INFO|Thread-1|receiveUnencrypted|receiveUnencrypted(TransportWrapper, ConnectionHandlerID=Socket[addr=apic1.encs.concordia.ca/132.205.108.16,port=50002,localport=63118]--2545145335182728320)
191118 202033.824|INFO|Thread-1|receiveUnencrypted|receiveUnencrypted Made a secret key for Socket[addr=apic1.encs.concordia.ca/132.205.108.16,port=50002,localport=63118]--2545145335182728320 key is com.sun.crypto.provider.DESKey@fffe7f9c
191118 202033.825|INFO|Thread-1|getPublicKeyPacket|Generating Unencrypted Public Key Packet
191118 202033.825|INFO|Thread-1|getPublicKeyPacket|checking key:= SunJCE Diffie-Hellman Public Key:
y:
    31fffad7 8b173845 9dcc739e 5293694c 07818f2a 5864b044 6d3e5a4b da2973af
    5bdc737c 8dc5bf62 5b1e2049 43383811 f66d0259 29031f83 0b95ebb2 2239214f
    46cf0448 27d7bf4b 54d1beec 4d19cf82 e31a0271 cdbfd69b a5d87897 04978630
    9398ec2e 987e1e55 4a025fb3 a1258b06 58453d83 916149f6 f3c21131 096b4f25
p:
    f488fd58 4e49dbcd 20b49de4 9107366b 336c380d 451d0f7c 88b31c7c 5b2d8ef6
    f3c923c0 43f0a55b 188d8ebb 558cb85d 38d334fd 7c175743 a31d186c de33212c
    b52aff3c e1b12940 18118d7c 84a70a72 d686c403 19c80729 7aca950c d9969fab
    d00a509b 0246d308 3d66a45d 419f9c7c bd894b22 1926baab a25ec355 e92f78c7
g:
    02
l:
    512
191118 202033.825|INFO|Thread-1|getPublicKeyPacket|packet:= edu.csus.ecs.pc2.core.transport.TransportWrapper@999b8b
