190903 205912.984|CONFIG|main|setFileHandlers|Now logging to D:\Wamp64\www\GitHub\COMP-248\comp248_labs\bin\logs directory.
190903 205912.985|INFO|main|info|
190903 205912.986|INFO|main|info|Version 9.6.0 () Java ver 1.8.0_221 build 5102 Windows 10 10.0 (x86) 
190903 205912.987|INFO|main|startLog|Working directory is D:\Wamp64\www\GitHub\COMP-248\comp248_labs\bin
190903 205912.993|INFO|main|startLog|Process id is 12508@DESKTOP-0RQ392J
190903 205912.993|INFO|main|start|Starting ConnectionManager...
190903 205913.140|INFO|main|start|Started ConnectionManager
190903 205913.140|INFO|main|setClientServerAndPort|INIFile File location: file:/D:/Wamp64/www/GitHub/COMP-248/comp248_labs/bin/pc2v9.ini
190903 205913.141|INFO|main|setClientServerAndPort|setClientServerAndPort apic1.encs.concordia.ca parsed as apic1.encs.concordia.ca port 50002
190903 205913.141|INFO|main|info|Contacting server at apic1.encs.concordia.ca:50002
190903 205913.141|INFO|main|connectToMyServer|Connecting to apic1.encs.concordia.ca:50002
190903 205913.234|INFO|Thread-1|receiveUnencrypted|receiveUnencrypted(TransportWrapper, ConnectionHandlerID=Socket[addr=apic1.encs.concordia.ca/132.205.108.16,port=50002,localport=63277]-1811950187968017607)
190903 205913.404|INFO|Thread-1|receiveUnencrypted|receiveUnencrypted Made a secret key for Socket[addr=apic1.encs.concordia.ca/132.205.108.16,port=50002,localport=63277]-1811950187968017607 key is com.sun.crypto.provider.DESKey@fffe7a64
190903 205913.405|INFO|Thread-1|getPublicKeyPacket|Generating Unencrypted Public Key Packet
190903 205913.405|INFO|Thread-1|getPublicKeyPacket|checking key:= SunJCE Diffie-Hellman Public Key:
y:
    51951a42 ac2a6d7f a4305f42 b79189ba 64f2cc48 73c35302 507282b5 a396cf39
    ac98e114 efb6adfe 6e9ccc75 c0f47fa9 f594fbc1 47e92a24 092313a4 63d4e19c
    865aaa5f e5a95b8a 6cd33dd5 dee57670 9d96b0d3 0ed2dd2c fb007169 84880b37
    1a9738a1 137f90ca 64e92adc 95f6ed1e 61a0a462 a1a4f7ce 00a12db9 0f1a396a
p:
    f488fd58 4e49dbcd 20b49de4 9107366b 336c380d 451d0f7c 88b31c7c 5b2d8ef6
    f3c923c0 43f0a55b 188d8ebb 558cb85d 38d334fd 7c175743 a31d186c de33212c
    b52aff3c e1b12940 18118d7c 84a70a72 d686c403 19c80729 7aca950c d9969fab
    d00a509b 0246d308 3d66a45d 419f9c7c bd894b22 1926baab a25ec355 e92f78c7
g:
    02
l:
    512
190903 205913.405|INFO|Thread-1|getPublicKeyPacket|packet:= edu.csus.ecs.pc2.core.transport.TransportWrapper@999b8b
