190923 193913.155|CONFIG|main|setFileHandlers|Now logging to D:\Wamp64\www\GitHub\University\COMP-248\comp248_labs\bin\logs directory.
190923 193913.156|INFO|main|info|
190923 193913.157|INFO|main|info|Version 9.6.0 () Java ver 1.8.0_221 build 5102 Windows 10 10.0 (x86) 
190923 193913.157|INFO|main|startLog|Working directory is D:\Wamp64\www\GitHub\University\COMP-248\comp248_labs\bin
190923 193913.166|INFO|main|startLog|Process id is 2172@DESKTOP-0RQ392J
190923 193913.166|INFO|main|start|Starting ConnectionManager...
190923 193913.910|INFO|main|start|Started ConnectionManager
190923 193913.915|INFO|main|setClientServerAndPort|INIFile File location: file:/D:/Wamp64/www/GitHub/University/COMP-248/comp248_labs/bin/pc2v9.ini
190923 193913.915|INFO|main|setClientServerAndPort|setClientServerAndPort apic1.encs.concordia.ca parsed as apic1.encs.concordia.ca port 50002
190923 193913.915|INFO|main|info|Contacting server at apic1.encs.concordia.ca:50002
190923 193913.915|INFO|main|connectToMyServer|Connecting to apic1.encs.concordia.ca:50002
190923 193914.031|INFO|Thread-1|receiveUnencrypted|receiveUnencrypted(TransportWrapper, ConnectionHandlerID=Socket[addr=apic1.encs.concordia.ca/132.205.108.16,port=50002,localport=58915]-526707060700069226)
190923 193914.196|INFO|Thread-1|receiveUnencrypted|receiveUnencrypted Made a secret key for Socket[addr=apic1.encs.concordia.ca/132.205.108.16,port=50002,localport=58915]-526707060700069226 key is com.sun.crypto.provider.DESKey@fffe7307
190923 193914.196|INFO|Thread-1|getPublicKeyPacket|Generating Unencrypted Public Key Packet
190923 193914.197|INFO|Thread-1|getPublicKeyPacket|checking key:= SunJCE Diffie-Hellman Public Key:
y:
    a5375454 07bc0180 19e9286f 5ab9cdd0 950efec6 5af6db58 37a8ea9f 6ae534af
    ad2df731 c34e5b58 e7021c1c f12ae9d8 a7c11563 185553d5 e61423e0 4f95a30a
    8b1c8d9d 1a34e205 30f4a3f2 ccddcef2 eadf4111 f2167cab 1a18f369 05b1ed08
    6bbf0a9b 7e75a7ac 6621ebf4 227c467b 47b65203 e3bc7dcb cce5fe92 b5a0ac2d
p:
    f488fd58 4e49dbcd 20b49de4 9107366b 336c380d 451d0f7c 88b31c7c 5b2d8ef6
    f3c923c0 43f0a55b 188d8ebb 558cb85d 38d334fd 7c175743 a31d186c de33212c
    b52aff3c e1b12940 18118d7c 84a70a72 d686c403 19c80729 7aca950c d9969fab
    d00a509b 0246d308 3d66a45d 419f9c7c bd894b22 1926baab a25ec355 e92f78c7
g:
    02
l:
    512
190923 193914.197|INFO|Thread-1|getPublicKeyPacket|packet:= edu.csus.ecs.pc2.core.transport.TransportWrapper@15bf865
