191111 201827.450|CONFIG|main|setFileHandlers|Now logging to D:\Wamp64\www\GitHub\University\COMP-248\comp248_labs\bin\logs directory.
191111 201827.451|INFO|main|info|
191111 201827.452|INFO|main|info|Version 9.6.0 () Java ver 1.8.0_221 build 5102 Windows 10 10.0 (x86) 
191111 201827.452|INFO|main|startLog|Working directory is D:\Wamp64\www\GitHub\University\COMP-248\comp248_labs\bin
191111 201827.459|INFO|main|startLog|Process id is 19336@DESKTOP-0RQ392J
191111 201827.459|INFO|main|start|Starting ConnectionManager...
191111 201827.625|INFO|main|start|Started ConnectionManager
191111 201827.625|INFO|main|setClientServerAndPort|INIFile File location: file:/D:/Wamp64/www/GitHub/University/COMP-248/comp248_labs/bin/pc2v9.ini
191111 201827.626|INFO|main|setClientServerAndPort|setClientServerAndPort apic1.encs.concordia.ca parsed as apic1.encs.concordia.ca port 50002
191111 201827.626|INFO|main|info|Contacting server at apic1.encs.concordia.ca:50002
191111 201827.626|INFO|main|connectToMyServer|Connecting to apic1.encs.concordia.ca:50002
191111 201827.748|INFO|Thread-1|receiveUnencrypted|receiveUnencrypted(TransportWrapper, ConnectionHandlerID=Socket[addr=apic1.encs.concordia.ca/132.205.108.16,port=50002,localport=56222]--8876627771357709121)
191111 201827.935|INFO|Thread-1|receiveUnencrypted|receiveUnencrypted Made a secret key for Socket[addr=apic1.encs.concordia.ca/132.205.108.16,port=50002,localport=56222]--8876627771357709121 key is com.sun.crypto.provider.DESKey@fffe7cd1
191111 201827.935|INFO|Thread-1|getPublicKeyPacket|Generating Unencrypted Public Key Packet
191111 201827.936|INFO|Thread-1|getPublicKeyPacket|checking key:= SunJCE Diffie-Hellman Public Key:
y:
    16498e8b 75c42b18 b6987308 b16fbb53 eae18f20 11e77e9b 469a3bec ce1b02c0
    96fd3c76 f33d32aa 6ec15d4f 01b73a6e 0c4c7f28 5a77070f e9cd45e2 7d501486
    244c2176 17fca31b 38837e07 790778d3 27e49a21 917979e2 0e3cefc4 be6c8695
    5fe24d41 aa31b0ec de34e0b1 8ee85c39 6ad8477a d8a31ef8 62f2fb52 c319f5b5
p:
    f488fd58 4e49dbcd 20b49de4 9107366b 336c380d 451d0f7c 88b31c7c 5b2d8ef6
    f3c923c0 43f0a55b 188d8ebb 558cb85d 38d334fd 7c175743 a31d186c de33212c
    b52aff3c e1b12940 18118d7c 84a70a72 d686c403 19c80729 7aca950c d9969fab
    d00a509b 0246d308 3d66a45d 419f9c7c bd894b22 1926baab a25ec355 e92f78c7
g:
    02
l:
    512
191111 201827.936|INFO|Thread-1|getPublicKeyPacket|packet:= edu.csus.ecs.pc2.core.transport.TransportWrapper@999b8b
