190903 205430.436|CONFIG|AWT-EventQueue-0|setFileHandlers|Now logging to D:\Wamp64\www\GitHub\COMP-248\comp248_labs\bin\logs directory.
190903 205430.436|INFO|AWT-EventQueue-0|info|
190903 205430.436|INFO|AWT-EventQueue-0|info|Version 9.6.0 () Java ver 1.8.0_221 build 5102 Windows 10 10.0 (x86) 
190903 205430.436|INFO|AWT-EventQueue-0|info|Login: team40131284 (aka team40131284)
190903 205430.437|INFO|AWT-EventQueue-0|startLog|Working directory is D:\Wamp64\www\GitHub\COMP-248\comp248_labs\bin
190903 205430.437|INFO|AWT-EventQueue-0|startLog|Process id is 13024@DESKTOP-0RQ392J
190903 205430.437|INFO|AWT-EventQueue-0|info|Contacting server at apic1.encs.concordia.ca:50002 as TEAM40131284 @ site 0
190903 205430.437|INFO|AWT-EventQueue-0|info|sendLoginRequest start - sending from TEAM40131284 @ site 0
190903 205430.437|INFO|AWT-EventQueue-0|sendToLocalServer|Sending packet to server Packet[LOGIN_REQUEST] #4 TEAM40131284 @ site 0 -> SERVER0 @ site 0
190903 205430.438|INFO|AWT-EventQueue-0|sendToLocalServer|Sent    packet to server Packet[LOGIN_REQUEST] #4 TEAM40131284 @ site 0 -> SERVER0 @ site 0
190903 205430.438|INFO|AWT-EventQueue-0|info|sendLoginRequest end - packet sent.
190903 205430.438|INFO|Thread-10|run|send(Serializable)
190903 205430.583|INFO|Thread-1|receive|public void receive(SealedObject TransportPacket, ConnectionHandlerID connectionHandlerID)
190903 205430.584|INFO|Thread-11|info| receiveObject(S) start got Packet[LOGIN_FAILED] #17 SERVER0 @ site 1 -> TEAM40131284 @ site 0
190903 205430.584|INFO|Thread-11|dumpPacket|Packet LOGIN_FAILED (Seq #17, o#17 ) recieveObject
190903 205430.584|INFO|Thread-11|dumpPacket|  From: SERVER0 @ site 1, oSERVER0 @ site 1 (pc2prod.encs.concordia.ca @ 127.0.0.1) (Contest Id: Default-7630980434754150566)
190903 205430.584|INFO|Thread-11|dumpPacket|    To: TEAM40131284 @ site 0
190903 205430.584|INFO|Thread-11|dumpPacket|   key: MESSAGE_STRING is: java.lang.String No such account
190903 205430.584|INFO|Thread-11|info|handlePacket start Packet[LOGIN_FAILED] #17 SERVER0 @ site 1 -> TEAM40131284 @ site 0
190903 205430.585|INFO|Thread-11|dumpPacket|Packet LOGIN_FAILED (Seq #17, o#17 ) handlePacket
190903 205430.585|INFO|Thread-11|dumpPacket|  From: SERVER0 @ site 1, oSERVER0 @ site 1 (pc2prod.encs.concordia.ca @ 127.0.0.1) (Contest Id: Default-7630980434754150566)
190903 205430.585|INFO|Thread-11|dumpPacket|    To: TEAM40131284 @ site 0
190903 205430.585|INFO|Thread-11|dumpPacket|   key: MESSAGE_STRING is: java.lang.String No such account
190903 205431.356|INFO|Thread-11|info| receiveObject(S) end   got Packet[LOGIN_FAILED] #17 SERVER0 @ site 1 -> TEAM40131284 @ site 0
190923 194001.188|CONFIG|AWT-EventQueue-0|setFileHandlers|Now logging to D:\Wamp64\www\GitHub\University\COMP-248\comp248_labs\bin\logs directory.
190923 194001.189|INFO|AWT-EventQueue-0|info|
190923 194001.189|INFO|AWT-EventQueue-0|info|Version 9.6.0 () Java ver 1.8.0_221 build 5102 Windows 10 10.0 (x86) 
190923 194001.189|INFO|AWT-EventQueue-0|info|Login: team40131284 (aka team40131284)
190923 194001.189|INFO|AWT-EventQueue-0|startLog|Working directory is D:\Wamp64\www\GitHub\University\COMP-248\comp248_labs\bin
190923 194001.189|INFO|AWT-EventQueue-0|startLog|Process id is 2172@DESKTOP-0RQ392J
190923 194001.189|INFO|AWT-EventQueue-0|info|Contacting server at apic1.encs.concordia.ca:50002 as TEAM40131284 @ site 0
190923 194001.189|INFO|AWT-EventQueue-0|info|sendLoginRequest start - sending from TEAM40131284 @ site 0
190923 194001.189|INFO|AWT-EventQueue-0|sendToLocalServer|Sending packet to server Packet[LOGIN_REQUEST] #3 TEAM40131284 @ site 0 -> SERVER0 @ site 0
190923 194001.190|INFO|AWT-EventQueue-0|sendToLocalServer|Sent    packet to server Packet[LOGIN_REQUEST] #3 TEAM40131284 @ site 0 -> SERVER0 @ site 0
190923 194001.190|INFO|AWT-EventQueue-0|info|sendLoginRequest end - packet sent.
190923 194001.190|INFO|Thread-8|run|send(Serializable)
190923 194001.319|INFO|Thread-1|receive|public void receive(SealedObject TransportPacket, ConnectionHandlerID connectionHandlerID)
190923 194001.320|INFO|Thread-9|info| receiveObject(S) start got Packet[LOGIN_FAILED] #2403 SERVER0 @ site 1 -> TEAM40131284 @ site 0
190923 194001.320|INFO|Thread-9|dumpPacket|Packet LOGIN_FAILED (Seq #2403, o#2403 ) recieveObject
190923 194001.320|INFO|Thread-9|dumpPacket|  From: SERVER0 @ site 1, oSERVER0 @ site 1 (pc2prod.encs.concordia.ca @ 127.0.0.1) (Contest Id: Lab_1_1_Mon-1230--6930591163389002333)
190923 194001.320|INFO|Thread-9|dumpPacket|    To: TEAM40131284 @ site 0
190923 194001.320|INFO|Thread-9|dumpPacket|   key: MESSAGE_STRING is: java.lang.String Account inactive
190923 194001.321|INFO|Thread-9|info|handlePacket start Packet[LOGIN_FAILED] #2403 SERVER0 @ site 1 -> TEAM40131284 @ site 0
190923 194001.321|INFO|Thread-9|dumpPacket|Packet LOGIN_FAILED (Seq #2403, o#2403 ) handlePacket
190923 194001.321|INFO|Thread-9|dumpPacket|  From: SERVER0 @ site 1, oSERVER0 @ site 1 (pc2prod.encs.concordia.ca @ 127.0.0.1) (Contest Id: Lab_1_1_Mon-1230--6930591163389002333)
190923 194001.321|INFO|Thread-9|dumpPacket|    To: TEAM40131284 @ site 0
190923 194001.321|INFO|Thread-9|dumpPacket|   key: MESSAGE_STRING is: java.lang.String Account inactive
190923 194002.095|INFO|Thread-9|info| receiveObject(S) end   got Packet[LOGIN_FAILED] #2403 SERVER0 @ site 1 -> TEAM40131284 @ site 0
190923 194239.625|CONFIG|AWT-EventQueue-0|setFileHandlers|Now logging to D:\Wamp64\www\GitHub\University\COMP-248\comp248_labs\bin\logs directory.
190923 194239.625|INFO|AWT-EventQueue-0|info|
190923 194239.625|INFO|AWT-EventQueue-0|info|Version 9.6.0 () Java ver 1.8.0_221 build 5102 Windows 10 10.0 (x86) 
190923 194239.625|INFO|AWT-EventQueue-0|info|Login: team40131284 (aka team40131284)
190923 194239.625|INFO|AWT-EventQueue-0|startLog|Working directory is D:\Wamp64\www\GitHub\University\COMP-248\comp248_labs\bin
190923 194239.625|INFO|AWT-EventQueue-0|startLog|Process id is 2172@DESKTOP-0RQ392J
190923 194239.625|INFO|AWT-EventQueue-0|info|Contacting server at apic1.encs.concordia.ca:50002 as TEAM40131284 @ site 0
190923 194239.625|INFO|AWT-EventQueue-0|info|sendLoginRequest start - sending from TEAM40131284 @ site 0
190923 194239.625|INFO|AWT-EventQueue-0|sendToLocalServer|Sending packet to server Packet[LOGIN_REQUEST] #8 TEAM40131284 @ site 0 -> SERVER0 @ site 0
190923 194239.626|INFO|AWT-EventQueue-0|sendToLocalServer|Sent    packet to server Packet[LOGIN_REQUEST] #8 TEAM40131284 @ site 0 -> SERVER0 @ site 0
190923 194239.626|INFO|AWT-EventQueue-0|info|sendLoginRequest end - packet sent.
190923 194239.626|INFO|Thread-18|run|send(Serializable)
190923 194239.758|INFO|Thread-1|receive|public void receive(SealedObject TransportPacket, ConnectionHandlerID connectionHandlerID)
190923 194239.759|INFO|Thread-19|info| receiveObject(S) start got Packet[LOGIN_FAILED] #2509 SERVER0 @ site 1 -> TEAM40131284 @ site 0
190923 194239.759|INFO|Thread-19|dumpPacket|Packet LOGIN_FAILED (Seq #2509, o#2509 ) recieveObject
190923 194239.759|INFO|Thread-19|dumpPacket|  From: SERVER0 @ site 1, oSERVER0 @ site 1 (pc2prod.encs.concordia.ca @ 127.0.0.1) (Contest Id: Lab_1_1_Mon-1230--6930591163389002333)
190923 194239.759|INFO|Thread-19|dumpPacket|    To: TEAM40131284 @ site 0
190923 194239.759|INFO|Thread-19|dumpPacket|   key: MESSAGE_STRING is: java.lang.String Account inactive
190923 194239.759|INFO|Thread-19|info|handlePacket start Packet[LOGIN_FAILED] #2509 SERVER0 @ site 1 -> TEAM40131284 @ site 0
190923 194239.759|INFO|Thread-19|dumpPacket|Packet LOGIN_FAILED (Seq #2509, o#2509 ) handlePacket
190923 194239.759|INFO|Thread-19|dumpPacket|  From: SERVER0 @ site 1, oSERVER0 @ site 1 (pc2prod.encs.concordia.ca @ 127.0.0.1) (Contest Id: Lab_1_1_Mon-1230--6930591163389002333)
190923 194239.759|INFO|Thread-19|dumpPacket|    To: TEAM40131284 @ site 0
190923 194239.759|INFO|Thread-19|dumpPacket|   key: MESSAGE_STRING is: java.lang.String Account inactive
190923 194240.376|INFO|Thread-19|info| receiveObject(S) end   got Packet[LOGIN_FAILED] #2509 SERVER0 @ site 1 -> TEAM40131284 @ site 0
190923 194638.241|CONFIG|AWT-EventQueue-0|setFileHandlers|Now logging to D:\Wamp64\www\GitHub\University\COMP-248\comp248_labs\bin\logs directory.
190923 194638.241|INFO|AWT-EventQueue-0|info|
190923 194638.241|INFO|AWT-EventQueue-0|info|Version 9.6.0 () Java ver 1.8.0_221 build 5102 Windows 10 10.0 (x86) 
190923 194638.241|INFO|AWT-EventQueue-0|info|Login: team40131284 (aka team40131284)
190923 194638.242|INFO|AWT-EventQueue-0|startLog|Working directory is D:\Wamp64\www\GitHub\University\COMP-248\comp248_labs\bin
190923 194638.242|INFO|AWT-EventQueue-0|startLog|Process id is 92@DESKTOP-0RQ392J
190923 194638.242|INFO|AWT-EventQueue-0|info|Contacting server at apic1.encs.concordia.ca:50002 as TEAM40131284 @ site 0
190923 194638.242|INFO|AWT-EventQueue-0|info|sendLoginRequest start - sending from TEAM40131284 @ site 0
190923 194638.242|INFO|AWT-EventQueue-0|sendToLocalServer|Sending packet to server Packet[LOGIN_REQUEST] #3 TEAM40131284 @ site 0 -> SERVER0 @ site 0
190923 194638.242|INFO|AWT-EventQueue-0|sendToLocalServer|Sent    packet to server Packet[LOGIN_REQUEST] #3 TEAM40131284 @ site 0 -> SERVER0 @ site 0
190923 194638.242|INFO|AWT-EventQueue-0|info|sendLoginRequest end - packet sent.
190923 194638.242|INFO|Thread-8|run|send(Serializable)
190923 194638.374|INFO|Thread-1|receive|public void receive(SealedObject TransportPacket, ConnectionHandlerID connectionHandlerID)
190923 194638.375|INFO|Thread-9|info| receiveObject(S) start got Packet[LOGIN_FAILED] #2737 SERVER0 @ site 1 -> TEAM40131284 @ site 0
190923 194638.375|INFO|Thread-9|dumpPacket|Packet LOGIN_FAILED (Seq #2737, o#2737 ) recieveObject
190923 194638.375|INFO|Thread-9|dumpPacket|  From: SERVER0 @ site 1, oSERVER0 @ site 1 (pc2prod.encs.concordia.ca @ 127.0.0.1) (Contest Id: Lab_1_1_Mon-1230--6930591163389002333)
190923 194638.375|INFO|Thread-9|dumpPacket|    To: TEAM40131284 @ site 0
190923 194638.375|INFO|Thread-9|dumpPacket|   key: MESSAGE_STRING is: java.lang.String Account inactive
190923 194638.375|INFO|Thread-9|info|handlePacket start Packet[LOGIN_FAILED] #2737 SERVER0 @ site 1 -> TEAM40131284 @ site 0
190923 194638.375|INFO|Thread-9|dumpPacket|Packet LOGIN_FAILED (Seq #2737, o#2737 ) handlePacket
190923 194638.375|INFO|Thread-9|dumpPacket|  From: SERVER0 @ site 1, oSERVER0 @ site 1 (pc2prod.encs.concordia.ca @ 127.0.0.1) (Contest Id: Lab_1_1_Mon-1230--6930591163389002333)
190923 194638.376|INFO|Thread-9|dumpPacket|    To: TEAM40131284 @ site 0
190923 194638.376|INFO|Thread-9|dumpPacket|   key: MESSAGE_STRING is: java.lang.String Account inactive
190923 194638.954|INFO|Thread-9|info| receiveObject(S) end   got Packet[LOGIN_FAILED] #2737 SERVER0 @ site 1 -> TEAM40131284 @ site 0
