190903 204722.737|CONFIG|AWT-EventQueue-0|setFileHandlers|Now logging to D:\Wamp64\www\GitHub\COMP-248\comp248_labs\bin\logs directory.
190903 204722.737|INFO|AWT-EventQueue-0|info|
190903 204722.737|INFO|AWT-EventQueue-0|info|Version 9.6.0 () Java ver 1.8.0_221 build 5102 Windows 10 10.0 (x86) 
190903 204722.738|INFO|AWT-EventQueue-0|info|Login: team40131284 (aka team40131284)
190903 204722.738|INFO|AWT-EventQueue-0|startLog|Working directory is D:\Wamp64\www\GitHub\COMP-248\comp248_labs\bin
190903 204722.738|INFO|AWT-EventQueue-0|startLog|Process id is 13024@DESKTOP-0RQ392J
190903 204722.738|INFO|AWT-EventQueue-0|info|Contacting server at apic1.encs.concordia.ca:50002 as TEAM40131284 @ site 0
190903 204722.738|INFO|AWT-EventQueue-0|info|sendLoginRequest start - sending from TEAM40131284 @ site 0
190903 204722.739|INFO|AWT-EventQueue-0|sendToLocalServer|Sending packet to server Packet[LOGIN_REQUEST] #2 TEAM40131284 @ site 0 -> SERVER0 @ site 0
190903 204722.739|INFO|AWT-EventQueue-0|sendToLocalServer|Sent    packet to server Packet[LOGIN_REQUEST] #2 TEAM40131284 @ site 0 -> SERVER0 @ site 0
190903 204722.739|INFO|AWT-EventQueue-0|info|sendLoginRequest end - packet sent.
190903 204722.739|INFO|Thread-6|run|send(Serializable)
190903 204722.878|INFO|Thread-1|receive|public void receive(SealedObject TransportPacket, ConnectionHandlerID connectionHandlerID)
190903 204722.879|INFO|Thread-7|info| receiveObject(S) start got Packet[LOGIN_FAILED] #15 SERVER0 @ site 1 -> TEAM40131284 @ site 0
190903 204722.879|INFO|Thread-7|dumpPacket|Packet LOGIN_FAILED (Seq #15, o#15 ) recieveObject
190903 204722.879|INFO|Thread-7|dumpPacket|  From: SERVER0 @ site 1, oSERVER0 @ site 1 (pc2prod.encs.concordia.ca @ 127.0.0.1) (Contest Id: Default-7630980434754150566)
190903 204722.879|INFO|Thread-7|dumpPacket|    To: TEAM40131284 @ site 0
190903 204722.879|INFO|Thread-7|dumpPacket|   key: MESSAGE_STRING is: java.lang.String No such account
190903 204722.879|INFO|Thread-7|info|handlePacket start Packet[LOGIN_FAILED] #15 SERVER0 @ site 1 -> TEAM40131284 @ site 0
190903 204722.879|INFO|Thread-7|dumpPacket|Packet LOGIN_FAILED (Seq #15, o#15 ) handlePacket
190903 204722.879|INFO|Thread-7|dumpPacket|  From: SERVER0 @ site 1, oSERVER0 @ site 1 (pc2prod.encs.concordia.ca @ 127.0.0.1) (Contest Id: Default-7630980434754150566)
190903 204722.879|INFO|Thread-7|dumpPacket|    To: TEAM40131284 @ site 0
190903 204722.879|INFO|Thread-7|dumpPacket|   key: MESSAGE_STRING is: java.lang.String No such account
190903 204723.964|INFO|Thread-7|info| receiveObject(S) end   got Packet[LOGIN_FAILED] #15 SERVER0 @ site 1 -> TEAM40131284 @ site 0
190923 193949.433|CONFIG|AWT-EventQueue-0|setFileHandlers|Now logging to D:\Wamp64\www\GitHub\University\COMP-248\comp248_labs\bin\logs directory.
190923 193949.434|INFO|AWT-EventQueue-0|info|
190923 193949.434|INFO|AWT-EventQueue-0|info|Version 9.6.0 () Java ver 1.8.0_221 build 5102 Windows 10 10.0 (x86) 
190923 193949.434|INFO|AWT-EventQueue-0|info|Login: team40131284 (aka team40131284)
190923 193949.434|INFO|AWT-EventQueue-0|startLog|Working directory is D:\Wamp64\www\GitHub\University\COMP-248\comp248_labs\bin
190923 193949.434|INFO|AWT-EventQueue-0|startLog|Process id is 2172@DESKTOP-0RQ392J
190923 193949.434|INFO|AWT-EventQueue-0|info|Contacting server at apic1.encs.concordia.ca:50002 as TEAM40131284 @ site 0
190923 193949.434|INFO|AWT-EventQueue-0|info|sendLoginRequest start - sending from TEAM40131284 @ site 0
190923 193949.434|INFO|AWT-EventQueue-0|sendToLocalServer|Sending packet to server Packet[LOGIN_REQUEST] #2 TEAM40131284 @ site 0 -> SERVER0 @ site 0
190923 193949.434|INFO|AWT-EventQueue-0|sendToLocalServer|Sent    packet to server Packet[LOGIN_REQUEST] #2 TEAM40131284 @ site 0 -> SERVER0 @ site 0
190923 193949.434|INFO|AWT-EventQueue-0|info|sendLoginRequest end - packet sent.
190923 193949.435|INFO|Thread-6|run|send(Serializable)
190923 193949.568|INFO|Thread-1|receive|public void receive(SealedObject TransportPacket, ConnectionHandlerID connectionHandlerID)
190923 193949.569|INFO|Thread-7|info| receiveObject(S) start got Packet[LOGIN_FAILED] #2399 SERVER0 @ site 1 -> TEAM40131284 @ site 0
190923 193949.569|INFO|Thread-7|dumpPacket|Packet LOGIN_FAILED (Seq #2399, o#2399 ) recieveObject
190923 193949.569|INFO|Thread-7|dumpPacket|  From: SERVER0 @ site 1, oSERVER0 @ site 1 (pc2prod.encs.concordia.ca @ 127.0.0.1) (Contest Id: Lab_1_1_Mon-1230--6930591163389002333)
190923 193949.569|INFO|Thread-7|dumpPacket|    To: TEAM40131284 @ site 0
190923 193949.569|INFO|Thread-7|dumpPacket|   key: MESSAGE_STRING is: java.lang.String Account inactive
190923 193949.569|INFO|Thread-7|info|handlePacket start Packet[LOGIN_FAILED] #2399 SERVER0 @ site 1 -> TEAM40131284 @ site 0
190923 193949.569|INFO|Thread-7|dumpPacket|Packet LOGIN_FAILED (Seq #2399, o#2399 ) handlePacket
190923 193949.569|INFO|Thread-7|dumpPacket|  From: SERVER0 @ site 1, oSERVER0 @ site 1 (pc2prod.encs.concordia.ca @ 127.0.0.1) (Contest Id: Lab_1_1_Mon-1230--6930591163389002333)
190923 193949.569|INFO|Thread-7|dumpPacket|    To: TEAM40131284 @ site 0
190923 193949.569|INFO|Thread-7|dumpPacket|   key: MESSAGE_STRING is: java.lang.String Account inactive
190923 193950.258|INFO|Thread-7|info| receiveObject(S) end   got Packet[LOGIN_FAILED] #2399 SERVER0 @ site 1 -> TEAM40131284 @ site 0
190923 194234.664|CONFIG|AWT-EventQueue-0|setFileHandlers|Now logging to D:\Wamp64\www\GitHub\University\COMP-248\comp248_labs\bin\logs directory.
190923 194234.664|INFO|AWT-EventQueue-0|info|
190923 194234.664|INFO|AWT-EventQueue-0|info|Version 9.6.0 () Java ver 1.8.0_221 build 5102 Windows 10 10.0 (x86) 
190923 194234.665|INFO|AWT-EventQueue-0|info|Login: team40131284 (aka team40131284)
190923 194234.665|INFO|AWT-EventQueue-0|startLog|Working directory is D:\Wamp64\www\GitHub\University\COMP-248\comp248_labs\bin
190923 194234.665|INFO|AWT-EventQueue-0|startLog|Process id is 2172@DESKTOP-0RQ392J
190923 194234.665|INFO|AWT-EventQueue-0|info|Contacting server at apic1.encs.concordia.ca:50002 as TEAM40131284 @ site 0
190923 194234.665|INFO|AWT-EventQueue-0|info|sendLoginRequest start - sending from TEAM40131284 @ site 0
190923 194234.665|INFO|AWT-EventQueue-0|sendToLocalServer|Sending packet to server Packet[LOGIN_REQUEST] #7 TEAM40131284 @ site 0 -> SERVER0 @ site 0
190923 194234.665|INFO|AWT-EventQueue-0|sendToLocalServer|Sent    packet to server Packet[LOGIN_REQUEST] #7 TEAM40131284 @ site 0 -> SERVER0 @ site 0
190923 194234.665|INFO|AWT-EventQueue-0|info|sendLoginRequest end - packet sent.
190923 194234.665|INFO|Thread-16|run|send(Serializable)
190923 194234.796|INFO|Thread-1|receive|public void receive(SealedObject TransportPacket, ConnectionHandlerID connectionHandlerID)
190923 194234.796|INFO|Thread-17|info| receiveObject(S) start got Packet[LOGIN_FAILED] #2504 SERVER0 @ site 1 -> TEAM40131284 @ site 0
190923 194234.796|INFO|Thread-17|dumpPacket|Packet LOGIN_FAILED (Seq #2504, o#2504 ) recieveObject
190923 194234.796|INFO|Thread-17|dumpPacket|  From: SERVER0 @ site 1, oSERVER0 @ site 1 (pc2prod.encs.concordia.ca @ 127.0.0.1) (Contest Id: Lab_1_1_Mon-1230--6930591163389002333)
190923 194234.796|INFO|Thread-17|dumpPacket|    To: TEAM40131284 @ site 0
190923 194234.796|INFO|Thread-17|dumpPacket|   key: MESSAGE_STRING is: java.lang.String Account inactive
190923 194234.797|INFO|Thread-17|info|handlePacket start Packet[LOGIN_FAILED] #2504 SERVER0 @ site 1 -> TEAM40131284 @ site 0
190923 194234.797|INFO|Thread-17|dumpPacket|Packet LOGIN_FAILED (Seq #2504, o#2504 ) handlePacket
190923 194234.797|INFO|Thread-17|dumpPacket|  From: SERVER0 @ site 1, oSERVER0 @ site 1 (pc2prod.encs.concordia.ca @ 127.0.0.1) (Contest Id: Lab_1_1_Mon-1230--6930591163389002333)
190923 194234.797|INFO|Thread-17|dumpPacket|    To: TEAM40131284 @ site 0
190923 194234.797|INFO|Thread-17|dumpPacket|   key: MESSAGE_STRING is: java.lang.String Account inactive
190923 194235.372|INFO|Thread-17|info| receiveObject(S) end   got Packet[LOGIN_FAILED] #2504 SERVER0 @ site 1 -> TEAM40131284 @ site 0
190923 194631.992|CONFIG|AWT-EventQueue-0|setFileHandlers|Now logging to D:\Wamp64\www\GitHub\University\COMP-248\comp248_labs\bin\logs directory.
190923 194631.993|INFO|AWT-EventQueue-0|info|
190923 194631.993|INFO|AWT-EventQueue-0|info|Version 9.6.0 () Java ver 1.8.0_221 build 5102 Windows 10 10.0 (x86) 
190923 194631.993|INFO|AWT-EventQueue-0|info|Login: team40131284 (aka team40131284)
190923 194631.993|INFO|AWT-EventQueue-0|startLog|Working directory is D:\Wamp64\www\GitHub\University\COMP-248\comp248_labs\bin
190923 194631.993|INFO|AWT-EventQueue-0|startLog|Process id is 92@DESKTOP-0RQ392J
190923 194631.993|INFO|AWT-EventQueue-0|info|Contacting server at apic1.encs.concordia.ca:50002 as TEAM40131284 @ site 0
190923 194631.993|INFO|AWT-EventQueue-0|info|sendLoginRequest start - sending from TEAM40131284 @ site 0
190923 194631.994|INFO|AWT-EventQueue-0|sendToLocalServer|Sending packet to server Packet[LOGIN_REQUEST] #2 TEAM40131284 @ site 0 -> SERVER0 @ site 0
190923 194631.994|INFO|AWT-EventQueue-0|sendToLocalServer|Sent    packet to server Packet[LOGIN_REQUEST] #2 TEAM40131284 @ site 0 -> SERVER0 @ site 0
190923 194631.994|INFO|AWT-EventQueue-0|info|sendLoginRequest end - packet sent.
190923 194631.994|INFO|Thread-6|run|send(Serializable)
190923 194632.125|INFO|Thread-1|receive|public void receive(SealedObject TransportPacket, ConnectionHandlerID connectionHandlerID)
190923 194632.126|INFO|Thread-7|info| receiveObject(S) start got Packet[LOGIN_FAILED] #2724 SERVER0 @ site 1 -> TEAM40131284 @ site 0
190923 194632.126|INFO|Thread-7|dumpPacket|Packet LOGIN_FAILED (Seq #2724, o#2724 ) recieveObject
190923 194632.126|INFO|Thread-7|dumpPacket|  From: SERVER0 @ site 1, oSERVER0 @ site 1 (pc2prod.encs.concordia.ca @ 127.0.0.1) (Contest Id: Lab_1_1_Mon-1230--6930591163389002333)
190923 194632.126|INFO|Thread-7|dumpPacket|    To: TEAM40131284 @ site 0
190923 194632.126|INFO|Thread-7|dumpPacket|   key: MESSAGE_STRING is: java.lang.String Account inactive
190923 194632.126|INFO|Thread-7|info|handlePacket start Packet[LOGIN_FAILED] #2724 SERVER0 @ site 1 -> TEAM40131284 @ site 0
190923 194632.126|INFO|Thread-7|dumpPacket|Packet LOGIN_FAILED (Seq #2724, o#2724 ) handlePacket
190923 194632.126|INFO|Thread-7|dumpPacket|  From: SERVER0 @ site 1, oSERVER0 @ site 1 (pc2prod.encs.concordia.ca @ 127.0.0.1) (Contest Id: Lab_1_1_Mon-1230--6930591163389002333)
190923 194632.126|INFO|Thread-7|dumpPacket|    To: TEAM40131284 @ site 0
190923 194632.126|INFO|Thread-7|dumpPacket|   key: MESSAGE_STRING is: java.lang.String Account inactive
190923 194636.815|INFO|Thread-7|info| receiveObject(S) end   got Packet[LOGIN_FAILED] #2724 SERVER0 @ site 1 -> TEAM40131284 @ site 0
190923 195607.516|CONFIG|AWT-EventQueue-0|setFileHandlers|Now logging to D:\Wamp64\www\GitHub\University\COMP-248\comp248_labs\bin\logs directory.
190923 195607.516|INFO|AWT-EventQueue-0|info|
190923 195607.517|INFO|AWT-EventQueue-0|info|Version 9.6.0 () Java ver 1.8.0_221 build 5102 Windows 10 10.0 (x86) 
190923 195607.517|INFO|AWT-EventQueue-0|info|Login: team40131284 (aka team40131284)
190923 195607.517|INFO|AWT-EventQueue-0|startLog|Working directory is D:\Wamp64\www\GitHub\University\COMP-248\comp248_labs\bin
190923 195607.517|INFO|AWT-EventQueue-0|startLog|Process id is 92@DESKTOP-0RQ392J
190923 195607.517|INFO|AWT-EventQueue-0|info|Contacting server at apic1.encs.concordia.ca:50002 as TEAM40131284 @ site 0
190923 195607.517|INFO|AWT-EventQueue-0|info|sendLoginRequest start - sending from TEAM40131284 @ site 0
190923 195607.517|INFO|AWT-EventQueue-0|sendToLocalServer|Sending packet to server Packet[LOGIN_REQUEST] #7 TEAM40131284 @ site 0 -> SERVER0 @ site 0
190923 195607.517|INFO|AWT-EventQueue-0|sendToLocalServer|Sent    packet to server Packet[LOGIN_REQUEST] #7 TEAM40131284 @ site 0 -> SERVER0 @ site 0
190923 195607.517|INFO|AWT-EventQueue-0|info|sendLoginRequest end - packet sent.
190923 195607.518|INFO|Thread-16|run|send(Serializable)
190923 195607.622|INFO|Thread-1|receive|public void receive(SealedObject TransportPacket, ConnectionHandlerID connectionHandlerID)
190923 195607.648|INFO|Thread-17|info| receiveObject(S) start got Packet[LOGIN_SUCCESS] #3062 SERVER0 @ site 1 -> TEAM40131284 @ site 1
190923 195607.648|INFO|Thread-17|dumpPacket|Packet LOGIN_SUCCESS (Seq #3062, o#3062 ) recieveObject
190923 195607.648|INFO|Thread-17|dumpPacket|  From: SERVER0 @ site 1, oSERVER0 @ site 1 (pc2prod.encs.concordia.ca @ 127.0.0.1) (Contest Id: Lab_1_2_Mon-1945--804060719969381506)
190923 195607.648|INFO|Thread-17|dumpPacket|    To: TEAM40131284 @ site 1
190923 195607.648|INFO|Thread-17|dumpPacket|   key: JUDGEMENT_LIST is: [Ledu.csus.ecs.pc2.core.model.Judgement; [Ledu.csus.ecs.pc2.core.model.Judgement;@7c32e9
190923 195607.648|INFO|Thread-17|dumpPacket|   key: CLARIFICATION_LIST is: [Ledu.csus.ecs.pc2.core.model.Clarification; [Ledu.csus.ecs.pc2.core.model.Clarification;@bbd016
190923 195607.648|INFO|Thread-17|dumpPacket|   key: GENERAL_PROBLEM is: edu.csus.ecs.pc2.core.model.Problem General
190923 195607.649|INFO|Thread-17|dumpPacket|   key: LANGUAGE_LIST is: [Ledu.csus.ecs.pc2.core.model.Language; [Ledu.csus.ecs.pc2.core.model.Language;@845999
190923 195607.649|INFO|Thread-17|dumpPacket|   key: SITE_LIST is: [Ledu.csus.ecs.pc2.core.model.Site; [Ledu.csus.ecs.pc2.core.model.Site;@186da2d
190923 195607.649|INFO|Thread-17|dumpPacket|   key: GROUP_LIST is: [Ledu.csus.ecs.pc2.core.model.Group; [Ledu.csus.ecs.pc2.core.model.Group;@684ece
190923 195607.649|INFO|Thread-17|dumpPacket|   key: CONTEST_TIME_LIST is: [Ledu.csus.ecs.pc2.core.model.ContestTime; [Ledu.csus.ecs.pc2.core.model.ContestTime;@e71075
190923 195607.649|INFO|Thread-17|dumpPacket|   key: CONTEST_INFORMATION is: edu.csus.ecs.pc2.core.model.ContestInformation edu.csus.ecs.pc2.core.model.ContestInformation@e3da21
190923 195607.649|INFO|Thread-17|dumpPacket|   key: CONTEST_TIME is: edu.csus.ecs.pc2.core.model.ContestTime edu.csus.ecs.pc2.core.model.ContestTime@1a92562
190923 195607.649|INFO|Thread-17|dumpPacket|   key: CONNECTION_HANDLE_ID_LIST is: [Ledu.csus.ecs.pc2.core.transport.ConnectionHandlerID; [Ledu.csus.ecs.pc2.core.transport.ConnectionHandlerID;@1db1ce7
190923 195607.649|INFO|Thread-17|dumpPacket|   key: REMOTE_LOGGED_IN_USERS is: [Ledu.csus.ecs.pc2.core.model.ClientId; [Ledu.csus.ecs.pc2.core.model.ClientId;@11dd4d1
190923 195607.649|INFO|Thread-17|dumpPacket|   key: BALLOON_SETTINGS_LIST is: [Ledu.csus.ecs.pc2.core.model.BalloonSettings; [Ledu.csus.ecs.pc2.core.model.BalloonSettings;@1e73481
190923 195607.649|INFO|Thread-17|dumpPacket|   key: PROFILE is: edu.csus.ecs.pc2.core.model.Profile Lab_1_2_Mon-1945--804060719969381506
190923 195607.649|INFO|Thread-17|dumpPacket|   key: RUN_LIST is: [Ledu.csus.ecs.pc2.core.model.Run; [Ledu.csus.ecs.pc2.core.model.Run;@1e79a6a
190923 195607.649|INFO|Thread-17|dumpPacket|   key: PROFILE_LIST is: [Ledu.csus.ecs.pc2.core.model.Profile; [Ledu.csus.ecs.pc2.core.model.Profile;@a48b55
190923 195607.649|INFO|Thread-17|dumpPacket|   key: LOCAL_LOGGED_IN_USERS is: [Ledu.csus.ecs.pc2.core.model.ClientId; [Ledu.csus.ecs.pc2.core.model.ClientId;@1f46acc
190923 195607.649|INFO|Thread-17|dumpPacket|   key: ACCOUNT_ARRAY is: [Ledu.csus.ecs.pc2.core.model.Account; [Ledu.csus.ecs.pc2.core.model.Account;@1430e0f
190923 195607.649|INFO|Thread-17|dumpPacket|   key: CLIENT_SETTINGS_LIST is: [Ledu.csus.ecs.pc2.core.model.ClientSettings; [Ledu.csus.ecs.pc2.core.model.ClientSettings;@4f547
190923 195607.649|INFO|Thread-17|dumpPacket|   key: SITE_NUMBER is: java.lang.Integer 1
190923 195607.649|INFO|Thread-17|dumpPacket|   key: SERVER_CLOCK_OFFSET is: java.util.GregorianCalendar java.util.GregorianCalendar[time=1569282861494,areFieldsSet=true,areAllFieldsSet=false,lenient=true,zone=sun.util.calendar.ZoneInfo[id="GMT",offset=0,dstSavings=0,useDaylight=false,transitions=0,lastRule=null],firstDayOfWeek=1,minimalDaysInFirstWeek=1,ERA=1,YEAR=2019,MONTH=8,WEEK_OF_YEAR=39,WEEK_OF_MONTH=4,DAY_OF_MONTH=23,DAY_OF_YEAR=266,DAY_OF_WEEK=2,DAY_OF_WEEK_IN_MONTH=4,AM_PM=1,HOUR=11,HOUR_OF_DAY=23,MINUTE=54,SECOND=21,MILLISECOND=494,ZONE_OFFSET=0,DST_OFFSET=0]
190923 195607.649|INFO|Thread-17|dumpPacket|   key: CONTEST_IDENTIFIER is: java.lang.String Lab_1_2_Mon-1945--804060719969381506
190923 195607.650|INFO|Thread-17|dumpPacket|   key: CATEGORY_LIST is: [Ledu.csus.ecs.pc2.core.model.Category; [Ledu.csus.ecs.pc2.core.model.Category;@ee23b1
190923 195607.650|INFO|Thread-17|dumpPacket|   key: PROBLEM_DATA_FILES is: [Ledu.csus.ecs.pc2.core.model.ProblemDataFiles; [Ledu.csus.ecs.pc2.core.model.ProblemDataFiles;@34826a
190923 195607.650|INFO|Thread-17|dumpPacket|   key: PROBLEM_LIST is: [Ledu.csus.ecs.pc2.core.model.Problem; [Ledu.csus.ecs.pc2.core.model.Problem;@130c115
190923 195607.650|INFO|Thread-17|dumpPacket|   key: CLIENT_ID is: edu.csus.ecs.pc2.core.model.ClientId TEAM40131284 @ site 1
190923 195607.650|INFO|Thread-17|info|handlePacket start Packet[LOGIN_SUCCESS] #3062 SERVER0 @ site 1 -> TEAM40131284 @ site 1
190923 195607.650|INFO|Thread-17|dumpPacket|Packet LOGIN_SUCCESS (Seq #3062, o#3062 ) handlePacket
190923 195607.650|INFO|Thread-17|dumpPacket|  From: SERVER0 @ site 1, oSERVER0 @ site 1 (pc2prod.encs.concordia.ca @ 127.0.0.1) (Contest Id: Lab_1_2_Mon-1945--804060719969381506)
190923 195607.650|INFO|Thread-17|dumpPacket|    To: TEAM40131284 @ site 1
190923 195607.650|INFO|Thread-17|dumpPacket|   key: JUDGEMENT_LIST is: [Ledu.csus.ecs.pc2.core.model.Judgement; [Ledu.csus.ecs.pc2.core.model.Judgement;@7c32e9
190923 195607.650|INFO|Thread-17|dumpPacket|   key: CLARIFICATION_LIST is: [Ledu.csus.ecs.pc2.core.model.Clarification; [Ledu.csus.ecs.pc2.core.model.Clarification;@bbd016
190923 195607.650|INFO|Thread-17|dumpPacket|   key: GENERAL_PROBLEM is: edu.csus.ecs.pc2.core.model.Problem General
190923 195607.650|INFO|Thread-17|dumpPacket|   key: LANGUAGE_LIST is: [Ledu.csus.ecs.pc2.core.model.Language; [Ledu.csus.ecs.pc2.core.model.Language;@845999
190923 195607.650|INFO|Thread-17|dumpPacket|   key: SITE_LIST is: [Ledu.csus.ecs.pc2.core.model.Site; [Ledu.csus.ecs.pc2.core.model.Site;@186da2d
190923 195607.650|INFO|Thread-17|dumpPacket|   key: GROUP_LIST is: [Ledu.csus.ecs.pc2.core.model.Group; [Ledu.csus.ecs.pc2.core.model.Group;@684ece
190923 195607.650|INFO|Thread-17|dumpPacket|   key: CONTEST_TIME_LIST is: [Ledu.csus.ecs.pc2.core.model.ContestTime; [Ledu.csus.ecs.pc2.core.model.ContestTime;@e71075
190923 195607.650|INFO|Thread-17|dumpPacket|   key: CONTEST_INFORMATION is: edu.csus.ecs.pc2.core.model.ContestInformation edu.csus.ecs.pc2.core.model.ContestInformation@e3da21
190923 195607.650|INFO|Thread-17|dumpPacket|   key: CONTEST_TIME is: edu.csus.ecs.pc2.core.model.ContestTime edu.csus.ecs.pc2.core.model.ContestTime@1a92562
190923 195607.650|INFO|Thread-17|dumpPacket|   key: CONNECTION_HANDLE_ID_LIST is: [Ledu.csus.ecs.pc2.core.transport.ConnectionHandlerID; [Ledu.csus.ecs.pc2.core.transport.ConnectionHandlerID;@1db1ce7
190923 195607.650|INFO|Thread-17|dumpPacket|   key: REMOTE_LOGGED_IN_USERS is: [Ledu.csus.ecs.pc2.core.model.ClientId; [Ledu.csus.ecs.pc2.core.model.ClientId;@11dd4d1
190923 195607.650|INFO|Thread-17|dumpPacket|   key: BALLOON_SETTINGS_LIST is: [Ledu.csus.ecs.pc2.core.model.BalloonSettings; [Ledu.csus.ecs.pc2.core.model.BalloonSettings;@1e73481
190923 195607.650|INFO|Thread-17|dumpPacket|   key: PROFILE is: edu.csus.ecs.pc2.core.model.Profile Lab_1_2_Mon-1945--804060719969381506
190923 195607.650|INFO|Thread-17|dumpPacket|   key: RUN_LIST is: [Ledu.csus.ecs.pc2.core.model.Run; [Ledu.csus.ecs.pc2.core.model.Run;@1e79a6a
190923 195607.651|INFO|Thread-17|dumpPacket|   key: PROFILE_LIST is: [Ledu.csus.ecs.pc2.core.model.Profile; [Ledu.csus.ecs.pc2.core.model.Profile;@a48b55
190923 195607.651|INFO|Thread-17|dumpPacket|   key: LOCAL_LOGGED_IN_USERS is: [Ledu.csus.ecs.pc2.core.model.ClientId; [Ledu.csus.ecs.pc2.core.model.ClientId;@1f46acc
190923 195607.651|INFO|Thread-17|dumpPacket|   key: ACCOUNT_ARRAY is: [Ledu.csus.ecs.pc2.core.model.Account; [Ledu.csus.ecs.pc2.core.model.Account;@1430e0f
190923 195607.651|INFO|Thread-17|dumpPacket|   key: CLIENT_SETTINGS_LIST is: [Ledu.csus.ecs.pc2.core.model.ClientSettings; [Ledu.csus.ecs.pc2.core.model.ClientSettings;@4f547
190923 195607.651|INFO|Thread-17|dumpPacket|   key: SITE_NUMBER is: java.lang.Integer 1
190923 195607.651|INFO|Thread-17|dumpPacket|   key: SERVER_CLOCK_OFFSET is: java.util.GregorianCalendar java.util.GregorianCalendar[time=1569282861494,areFieldsSet=true,areAllFieldsSet=false,lenient=true,zone=sun.util.calendar.ZoneInfo[id="GMT",offset=0,dstSavings=0,useDaylight=false,transitions=0,lastRule=null],firstDayOfWeek=1,minimalDaysInFirstWeek=1,ERA=1,YEAR=2019,MONTH=8,WEEK_OF_YEAR=39,WEEK_OF_MONTH=4,DAY_OF_MONTH=23,DAY_OF_YEAR=266,DAY_OF_WEEK=2,DAY_OF_WEEK_IN_MONTH=4,AM_PM=1,HOUR=11,HOUR_OF_DAY=23,MINUTE=54,SECOND=21,MILLISECOND=494,ZONE_OFFSET=0,DST_OFFSET=0]
190923 195607.651|INFO|Thread-17|dumpPacket|   key: CONTEST_IDENTIFIER is: java.lang.String Lab_1_2_Mon-1945--804060719969381506
190923 195607.651|INFO|Thread-17|dumpPacket|   key: CATEGORY_LIST is: [Ledu.csus.ecs.pc2.core.model.Category; [Ledu.csus.ecs.pc2.core.model.Category;@ee23b1
190923 195607.651|INFO|Thread-17|dumpPacket|   key: PROBLEM_DATA_FILES is: [Ledu.csus.ecs.pc2.core.model.ProblemDataFiles; [Ledu.csus.ecs.pc2.core.model.ProblemDataFiles;@34826a
190923 195607.651|INFO|Thread-17|dumpPacket|   key: PROBLEM_LIST is: [Ledu.csus.ecs.pc2.core.model.Problem; [Ledu.csus.ecs.pc2.core.model.Problem;@130c115
190923 195607.651|INFO|Thread-17|dumpPacket|   key: CLIENT_ID is: edu.csus.ecs.pc2.core.model.ClientId TEAM40131284 @ site 1
190923 195812.312|INFO|Thread-19|run|send(Serializable)
190923 195812.351|INFO|Thread-1|receive|public void receive(SealedObject TransportPacket, ConnectionHandlerID connectionHandlerID)
190923 195814.281|INFO|Thread-1|receive|public void receive(SealedObject TransportPacket, ConnectionHandlerID connectionHandlerID)
