190909 174347.383|CONFIG|Thread-5|setFileHandlers|Now logging to D:\Wamp64\www\GitHub\University\COMP-248\comp248_labs\bin\logs directory.
190909 174347.383|INFO|Thread-5|info|
190909 174347.383|INFO|Thread-5|info|Version 9.6.0 () Java ver 1.8.0_221 build 5102 Windows 10 10.0 (x86) 
190909 174347.383|INFO|Thread-5|info|Login: team40131284 (aka team40131284)
190909 174347.383|INFO|Thread-5|startLog|Working directory is D:\Wamp64\www\GitHub\University\COMP-248\comp248_labs\bin
190909 174347.383|INFO|Thread-5|startLog|Process id is 1352@DESKTOP-0RQ392J
190909 174347.383|INFO|Thread-5|info|Attempting to load UI class edu.csus.ecs.pc2.ui.team.TeamView
190909 174347.390|INFO|Thread-5|info|Loaded UI class edu.csus.ecs.pc2.ui.team.TeamView
190909 174347.508|INFO|Thread-5|info| handlePacket original LOGIN_SUCCESS after -- all settings loaded 
190909 174347.509|INFO|Thread-5|info|handlePacket end Packet[LOGIN_SUCCESS] #1529 SERVER0 @ site 1 -> TEAM40131284 @ site 1
190909 174347.509|INFO|Thread-5|info| receiveObject(S) end   got Packet[LOGIN_SUCCESS] #1529 SERVER0 @ site 1 -> TEAM40131284 @ site 1
190909 174937.880|INFO|AWT-EventQueue-0|testOrSubmitRun|submitRun for Hello_World Java file: D:\Wamp64\www\GitHub\University\COMP-248\Demo\src\Main.java
190909 174937.882|INFO|AWT-EventQueue-0|sendToLocalServer|Sending packet to server Packet[RUN_SUBMISSION] #2 TEAM40131284 @ site 1 -> SERVER0 @ site 1
190909 174937.882|INFO|AWT-EventQueue-0|sendToLocalServer|Sent    packet to server Packet[RUN_SUBMISSION] #2 TEAM40131284 @ site 1 -> SERVER0 @ site 1
190909 174937.969|INFO|Thread-8|info| receiveObject(S) start got Packet[RUN_SUBMISSION_CONFIRM] #1531 SERVER0 @ site 1 -> TEAM40131284 @ site 1
190909 174937.970|INFO|Thread-8|dumpPacket|Packet RUN_SUBMISSION_CONFIRM (Seq #1531, o#1531 ) recieveObject
190909 174937.970|INFO|Thread-8|dumpPacket|  From: SERVER0 @ site 1, oSERVER0 @ site 1 (pc2prod.encs.concordia.ca @ 127.0.0.1) (Contest Id: Lab_0-3482089090175709376)
190909 174937.970|INFO|Thread-8|dumpPacket|    To: TEAM40131284 @ site 1
190909 174937.970|INFO|Thread-8|dumpPacket|   key: RUN is: edu.csus.ecs.pc2.core.model.Run Run 77 QUEUED_FOR_COMPUTER_JUDGEMENT 494 min 29699541ms from TEAM40131284 @ site 1 id Run-7510780752212063577 problem Hello_World--6354856345925204234 lang Java-6674820217996524370
190909 174937.970|INFO|Thread-8|info|handlePacket start Packet[RUN_SUBMISSION_CONFIRM] #1531 SERVER0 @ site 1 -> TEAM40131284 @ site 1
190909 174937.970|INFO|Thread-8|dumpPacket|Packet RUN_SUBMISSION_CONFIRM (Seq #1531, o#1531 ) handlePacket
190909 174937.970|INFO|Thread-8|dumpPacket|  From: SERVER0 @ site 1, oSERVER0 @ site 1 (pc2prod.encs.concordia.ca @ 127.0.0.1) (Contest Id: Lab_0-3482089090175709376)
190909 174937.970|INFO|Thread-8|dumpPacket|    To: TEAM40131284 @ site 1
190909 174937.970|INFO|Thread-8|dumpPacket|   key: RUN is: edu.csus.ecs.pc2.core.model.Run Run 77 QUEUED_FOR_COMPUTER_JUDGEMENT 494 min 29699541ms from TEAM40131284 @ site 1 id Run-7510780752212063577 problem Hello_World--6354856345925204234 lang Java-6674820217996524370
190909 174939.945|INFO|Thread-9|info| receiveObject(S) start got Packet[RUN_JUDGEMENT] #1535 SERVER0 @ site 1 -> TEAM40131284 @ site 1
190909 174939.945|INFO|Thread-9|dumpPacket|Packet RUN_JUDGEMENT (Seq #1535, o#1535 ) recieveObject
190909 174939.945|INFO|Thread-9|dumpPacket|  From: SERVER0 @ site 1, oSERVER0 @ site 1 (pc2prod.encs.concordia.ca @ 127.0.0.1) (Contest Id: Lab_0-3482089090175709376)
190909 174939.945|INFO|Thread-9|dumpPacket|    To: TEAM40131284 @ site 1
190909 174939.945|INFO|Thread-9|dumpPacket|   key: JUDGEMENT_RECORD is: edu.csus.ecs.pc2.core.model.JudgementRecord Yes by JUDGE1 @ site 1 judgement Yes-5207136193228953640 id JudgementRecord--1465798483082464943
190909 174939.945|INFO|Thread-9|dumpPacket|   key: CLIENT_ID is: edu.csus.ecs.pc2.core.model.ClientId SERVER0 @ site 1
190909 174939.945|INFO|Thread-9|dumpPacket|   key: RUN is: edu.csus.ecs.pc2.core.model.Run Run 77 JUDGED 494 min 29699541ms from TEAM40131284 @ site 1 id Run-7510780752212063577 problem Hello_World--6354856345925204234 lang Java-6674820217996524370
190909 174939.945|INFO|Thread-9|info|handlePacket start Packet[RUN_JUDGEMENT] #1535 SERVER0 @ site 1 -> TEAM40131284 @ site 1
190909 174939.945|INFO|Thread-9|dumpPacket|Packet RUN_JUDGEMENT (Seq #1535, o#1535 ) handlePacket
190909 174939.945|INFO|Thread-9|dumpPacket|  From: SERVER0 @ site 1, oSERVER0 @ site 1 (pc2prod.encs.concordia.ca @ 127.0.0.1) (Contest Id: Lab_0-3482089090175709376)
190909 174939.946|INFO|Thread-9|dumpPacket|    To: TEAM40131284 @ site 1
190909 174939.946|INFO|Thread-9|dumpPacket|   key: JUDGEMENT_RECORD is: edu.csus.ecs.pc2.core.model.JudgementRecord Yes by JUDGE1 @ site 1 judgement Yes-5207136193228953640 id JudgementRecord--1465798483082464943
190909 174939.946|INFO|Thread-9|dumpPacket|   key: CLIENT_ID is: edu.csus.ecs.pc2.core.model.ClientId SERVER0 @ site 1
190909 174939.946|INFO|Thread-9|dumpPacket|   key: RUN is: edu.csus.ecs.pc2.core.model.Run Run 77 JUDGED 494 min 29699541ms from TEAM40131284 @ site 1 id Run-7510780752212063577 problem Hello_World--6354856345925204234 lang Java-6674820217996524370
190909 174947.180|INFO|Thread-9|runChanged|RunsPane.RunListener: Action=CHANGED; DetailedAction=null; msg=null; run=Run 77 JUDGED 494 min 29699541ms from TEAM40131284 @ site 1 id Run-7510780752212063577 problem Hello_World--6354856345925204234 lang Java-6674820217996524370; runFiles=null
190909 174947.180|INFO|Thread-9|runChanged|Event not for me: sent to null but my ID is TEAM40131284 @ site 1
190909 174947.180|INFO|Thread-9|info| receiveObject(S) end   got Packet[RUN_JUDGEMENT] #1535 SERVER0 @ site 1 -> TEAM40131284 @ site 1
190909 174951.372|INFO|Thread-8|info| receiveObject(S) end   got Packet[RUN_SUBMISSION_CONFIRM] #1531 SERVER0 @ site 1 -> TEAM40131284 @ site 1
190923 195607.659|CONFIG|Thread-17|setFileHandlers|Now logging to D:\Wamp64\www\GitHub\University\COMP-248\comp248_labs\bin\logs directory.
190923 195607.659|INFO|Thread-17|info|
190923 195607.659|INFO|Thread-17|info|Version 9.6.0 () Java ver 1.8.0_221 build 5102 Windows 10 10.0 (x86) 
190923 195607.659|INFO|Thread-17|info|Login: team40131284 (aka team40131284)
190923 195607.659|INFO|Thread-17|startLog|Working directory is D:\Wamp64\www\GitHub\University\COMP-248\comp248_labs\bin
190923 195607.659|INFO|Thread-17|startLog|Process id is 92@DESKTOP-0RQ392J
190923 195607.660|INFO|Thread-17|info|Attempting to load UI class edu.csus.ecs.pc2.ui.team.TeamView
190923 195607.667|INFO|Thread-17|info|Loaded UI class edu.csus.ecs.pc2.ui.team.TeamView
190923 195607.786|INFO|Thread-17|info| handlePacket original LOGIN_SUCCESS after -- all settings loaded 
190923 195607.786|INFO|Thread-17|info|handlePacket end Packet[LOGIN_SUCCESS] #3062 SERVER0 @ site 1 -> TEAM40131284 @ site 1
190923 195607.786|INFO|Thread-17|info| receiveObject(S) end   got Packet[LOGIN_SUCCESS] #3062 SERVER0 @ site 1 -> TEAM40131284 @ site 1
190923 195812.310|INFO|AWT-EventQueue-0|testOrSubmitRun|submitRun for problem1 Java file: D:\Wamp64\www\GitHub\University\COMP-248\Assignment 1\src\Lab1.java
190923 195812.312|INFO|AWT-EventQueue-0|sendToLocalServer|Sending packet to server Packet[RUN_SUBMISSION] #8 TEAM40131284 @ site 1 -> SERVER0 @ site 1
190923 195812.312|INFO|AWT-EventQueue-0|sendToLocalServer|Sent    packet to server Packet[RUN_SUBMISSION] #8 TEAM40131284 @ site 1 -> SERVER0 @ site 1
190923 195812.352|INFO|Thread-20|info| receiveObject(S) start got Packet[RUN_SUBMISSION_CONFIRM] #3112 SERVER0 @ site 1 -> TEAM40131284 @ site 1
190923 195812.352|INFO|Thread-20|dumpPacket|Packet RUN_SUBMISSION_CONFIRM (Seq #3112, o#3112 ) recieveObject
190923 195812.352|INFO|Thread-20|dumpPacket|  From: SERVER0 @ site 1, oSERVER0 @ site 1 (pc2prod.encs.concordia.ca @ 127.0.0.1) (Contest Id: Lab_1_2_Mon-1945--804060719969381506)
190923 195812.352|INFO|Thread-20|dumpPacket|    To: TEAM40131284 @ site 1
190923 195812.353|INFO|Thread-20|dumpPacket|   key: RUN is: edu.csus.ecs.pc2.core.model.Run Run 6 QUEUED_FOR_COMPUTER_JUDGEMENT 9 min 558237ms from TEAM40131284 @ site 1 id Run-172056365596191883 problem problem1-1667713612892653658 lang Java-6674820217996524370
190923 195812.353|INFO|Thread-20|info|handlePacket start Packet[RUN_SUBMISSION_CONFIRM] #3112 SERVER0 @ site 1 -> TEAM40131284 @ site 1
190923 195812.353|INFO|Thread-20|dumpPacket|Packet RUN_SUBMISSION_CONFIRM (Seq #3112, o#3112 ) handlePacket
190923 195812.353|INFO|Thread-20|dumpPacket|  From: SERVER0 @ site 1, oSERVER0 @ site 1 (pc2prod.encs.concordia.ca @ 127.0.0.1) (Contest Id: Lab_1_2_Mon-1945--804060719969381506)
190923 195812.353|INFO|Thread-20|dumpPacket|    To: TEAM40131284 @ site 1
190923 195812.353|INFO|Thread-20|dumpPacket|   key: RUN is: edu.csus.ecs.pc2.core.model.Run Run 6 QUEUED_FOR_COMPUTER_JUDGEMENT 9 min 558237ms from TEAM40131284 @ site 1 id Run-172056365596191883 problem problem1-1667713612892653658 lang Java-6674820217996524370
190923 195814.283|INFO|Thread-21|info| receiveObject(S) start got Packet[RUN_JUDGEMENT] #3116 SERVER0 @ site 1 -> TEAM40131284 @ site 1
190923 195814.283|INFO|Thread-21|dumpPacket|Packet RUN_JUDGEMENT (Seq #3116, o#3116 ) recieveObject
190923 195814.283|INFO|Thread-21|dumpPacket|  From: SERVER0 @ site 1, oSERVER0 @ site 1 (pc2prod.encs.concordia.ca @ 127.0.0.1) (Contest Id: Lab_1_2_Mon-1945--804060719969381506)
190923 195814.283|INFO|Thread-21|dumpPacket|    To: TEAM40131284 @ site 1
190923 195814.283|INFO|Thread-21|dumpPacket|   key: JUDGEMENT_RECORD is: edu.csus.ecs.pc2.core.model.JudgementRecord Yes by JUDGE1 @ site 1 judgement Yes-5207136193228953640 id JudgementRecord--1760287910462352895
190923 195814.283|INFO|Thread-21|dumpPacket|   key: CLIENT_ID is: edu.csus.ecs.pc2.core.model.ClientId SERVER0 @ site 1
190923 195814.283|INFO|Thread-21|dumpPacket|   key: RUN is: edu.csus.ecs.pc2.core.model.Run Run 6 JUDGED 9 min 558237ms from TEAM40131284 @ site 1 id Run-172056365596191883 problem problem1-1667713612892653658 lang Java-6674820217996524370
190923 195814.283|INFO|Thread-21|info|handlePacket start Packet[RUN_JUDGEMENT] #3116 SERVER0 @ site 1 -> TEAM40131284 @ site 1
190923 195814.284|INFO|Thread-21|dumpPacket|Packet RUN_JUDGEMENT (Seq #3116, o#3116 ) handlePacket
190923 195814.284|INFO|Thread-21|dumpPacket|  From: SERVER0 @ site 1, oSERVER0 @ site 1 (pc2prod.encs.concordia.ca @ 127.0.0.1) (Contest Id: Lab_1_2_Mon-1945--804060719969381506)
190923 195814.284|INFO|Thread-21|dumpPacket|    To: TEAM40131284 @ site 1
190923 195814.284|INFO|Thread-21|dumpPacket|   key: JUDGEMENT_RECORD is: edu.csus.ecs.pc2.core.model.JudgementRecord Yes by JUDGE1 @ site 1 judgement Yes-5207136193228953640 id JudgementRecord--1760287910462352895
190923 195814.284|INFO|Thread-21|dumpPacket|   key: CLIENT_ID is: edu.csus.ecs.pc2.core.model.ClientId SERVER0 @ site 1
190923 195814.284|INFO|Thread-21|dumpPacket|   key: RUN is: edu.csus.ecs.pc2.core.model.Run Run 6 JUDGED 9 min 558237ms from TEAM40131284 @ site 1 id Run-172056365596191883 problem problem1-1667713612892653658 lang Java-6674820217996524370
190923 195816.824|INFO|Thread-21|runChanged|RunsPane.RunListener: Action=CHANGED; DetailedAction=null; msg=null; run=Run 6 JUDGED 9 min 558237ms from TEAM40131284 @ site 1 id Run-172056365596191883 problem problem1-1667713612892653658 lang Java-6674820217996524370; runFiles=null
190923 195816.824|INFO|Thread-21|runChanged|Event not for me: sent to null but my ID is TEAM40131284 @ site 1
190923 195816.824|INFO|Thread-21|info| receiveObject(S) end   got Packet[RUN_JUDGEMENT] #3116 SERVER0 @ site 1 -> TEAM40131284 @ site 1
190923 195817.954|INFO|Thread-20|info| receiveObject(S) end   got Packet[RUN_SUBMISSION_CONFIRM] #3112 SERVER0 @ site 1 -> TEAM40131284 @ site 1
190930 193853.408|CONFIG|Thread-5|setFileHandlers|Now logging to C:\Users\shadi\Google Drive\University\COMP-248\comp248_labs\bin\logs directory.
190930 193853.408|INFO|Thread-5|info|
190930 193853.408|INFO|Thread-5|info|Version 9.6.0 () Java ver 1.8.0_221 build 5102 Windows 10 10.0 (x86) 
190930 193853.408|INFO|Thread-5|info|Login: team40131284 (aka team40131284)
190930 193853.408|INFO|Thread-5|startLog|Working directory is C:\Users\shadi\Google Drive\University\COMP-248\comp248_labs\bin
190930 193853.408|INFO|Thread-5|startLog|Process id is 17388@DESKTOP-0RQ392J
190930 193853.408|INFO|Thread-5|info|Attempting to load UI class edu.csus.ecs.pc2.ui.team.TeamView
190930 193853.416|INFO|Thread-5|info|Loaded UI class edu.csus.ecs.pc2.ui.team.TeamView
190930 193853.556|INFO|Thread-5|info| handlePacket original LOGIN_SUCCESS after -- all settings loaded 
190930 193853.557|INFO|Thread-5|info|handlePacket end Packet[LOGIN_SUCCESS] #141 SERVER0 @ site 1 -> TEAM40131284 @ site 1
190930 193853.557|INFO|Thread-5|info| receiveObject(S) end   got Packet[LOGIN_SUCCESS] #141 SERVER0 @ site 1 -> TEAM40131284 @ site 1
190930 194649.159|INFO|Thread-6|info| receiveObject(S) start got Packet[CLOCK_STARTED] #298 SERVER0 @ site 1 -> SERVER0 @ site 0
190930 194649.159|INFO|Thread-6|dumpPacket|Packet CLOCK_STARTED (Seq #298, o#298 ) recieveObject
190930 194649.159|INFO|Thread-6|dumpPacket|  From: SERVER0 @ site 1, oSERVER0 @ site 1 (pc2prod.encs.concordia.ca @ 127.0.0.1) (Contest Id: Lab_2_2_Mon_1945-6812801169412160031)
190930 194649.159|INFO|Thread-6|dumpPacket|    To: SERVER0 @ site 0
190930 194649.159|INFO|Thread-6|dumpPacket|   key: CLIENT_ID is: edu.csus.ecs.pc2.core.model.ClientId SERVER0 @ site 1
190930 194649.159|INFO|Thread-6|dumpPacket|   key: SERVER_CLOCK_OFFSET is: java.util.GregorianCalendar java.util.GregorianCalendar[time=1569887100005,areFieldsSet=true,areAllFieldsSet=false,lenient=true,zone=sun.util.calendar.ZoneInfo[id="GMT",offset=0,dstSavings=0,useDaylight=false,transitions=0,lastRule=null],firstDayOfWeek=1,minimalDaysInFirstWeek=1,ERA=1,YEAR=2019,MONTH=8,WEEK_OF_YEAR=40,WEEK_OF_MONTH=5,DAY_OF_MONTH=30,DAY_OF_YEAR=273,DAY_OF_WEEK=2,DAY_OF_WEEK_IN_MONTH=5,AM_PM=1,HOUR=11,HOUR_OF_DAY=23,MINUTE=45,SECOND=0,MILLISECOND=5,ZONE_OFFSET=0,DST_OFFSET=0]
190930 194649.159|INFO|Thread-6|dumpPacket|   key: SITE_NUMBER is: java.lang.Integer 1
190930 194649.159|INFO|Thread-6|info|handlePacket start Packet[CLOCK_STARTED] #298 SERVER0 @ site 1 -> SERVER0 @ site 0
190930 194649.159|INFO|Thread-6|dumpPacket|Packet CLOCK_STARTED (Seq #298, o#298 ) handlePacket
190930 194649.160|INFO|Thread-6|dumpPacket|  From: SERVER0 @ site 1, oSERVER0 @ site 1 (pc2prod.encs.concordia.ca @ 127.0.0.1) (Contest Id: Lab_2_2_Mon_1945-6812801169412160031)
190930 194649.160|INFO|Thread-6|dumpPacket|    To: SERVER0 @ site 0
190930 194649.160|INFO|Thread-6|dumpPacket|   key: CLIENT_ID is: edu.csus.ecs.pc2.core.model.ClientId SERVER0 @ site 1
190930 194649.160|INFO|Thread-6|dumpPacket|   key: SERVER_CLOCK_OFFSET is: java.util.GregorianCalendar java.util.GregorianCalendar[time=1569887100005,areFieldsSet=true,areAllFieldsSet=false,lenient=true,zone=sun.util.calendar.ZoneInfo[id="GMT",offset=0,dstSavings=0,useDaylight=false,transitions=0,lastRule=null],firstDayOfWeek=1,minimalDaysInFirstWeek=1,ERA=1,YEAR=2019,MONTH=8,WEEK_OF_YEAR=40,WEEK_OF_MONTH=5,DAY_OF_MONTH=30,DAY_OF_YEAR=273,DAY_OF_WEEK=2,DAY_OF_WEEK_IN_MONTH=5,AM_PM=1,HOUR=11,HOUR_OF_DAY=23,MINUTE=45,SECOND=0,MILLISECOND=5,ZONE_OFFSET=0,DST_OFFSET=0]
190930 194649.160|INFO|Thread-6|dumpPacket|   key: SITE_NUMBER is: java.lang.Integer 1
190930 194649.160|INFO|Thread-6|info|Clock for site 1 started by SERVER0 @ site 1 elapsed 0:00:00
190930 194649.160|INFO|Thread-6|info| receiveObject(S) end   got Packet[CLOCK_STARTED] #298 SERVER0 @ site 1 -> SERVER0 @ site 0
190930 201123.611|INFO|AWT-EventQueue-0|testOrSubmitRun|submitRun for problem1 Java file: C:\Users\shadi\Desktop\hehexd\Lab\src\Lab2.java
190930 201123.612|INFO|AWT-EventQueue-0|sendToLocalServer|Sending packet to server Packet[RUN_SUBMISSION] #2 TEAM40131284 @ site 1 -> SERVER0 @ site 1
190930 201123.612|INFO|AWT-EventQueue-0|sendToLocalServer|Sent    packet to server Packet[RUN_SUBMISSION] #2 TEAM40131284 @ site 1 -> SERVER0 @ site 1
190930 201123.667|INFO|Thread-9|info| receiveObject(S) start got Packet[RUN_SUBMISSION_CONFIRM] #523 SERVER0 @ site 1 -> TEAM40131284 @ site 1
190930 201123.667|INFO|Thread-9|dumpPacket|Packet RUN_SUBMISSION_CONFIRM (Seq #523, o#523 ) recieveObject
190930 201123.667|INFO|Thread-9|dumpPacket|  From: SERVER0 @ site 1, oSERVER0 @ site 1 (pc2prod.encs.concordia.ca @ 127.0.0.1) (Contest Id: Lab_2_2_Mon_1945-6812801169412160031)
190930 201123.667|INFO|Thread-9|dumpPacket|    To: TEAM40131284 @ site 1
190930 201123.667|INFO|Thread-9|dumpPacket|   key: RUN is: edu.csus.ecs.pc2.core.model.Run Run 15 QUEUED_FOR_COMPUTER_JUDGEMENT 24 min 1474595ms from TEAM40131284 @ site 1 id Run-9158040283118474491 problem problem1-7719490092355705557 lang Java-6674820217996524370
190930 201123.667|INFO|Thread-9|info|handlePacket start Packet[RUN_SUBMISSION_CONFIRM] #523 SERVER0 @ site 1 -> TEAM40131284 @ site 1
190930 201123.667|INFO|Thread-9|dumpPacket|Packet RUN_SUBMISSION_CONFIRM (Seq #523, o#523 ) handlePacket
190930 201123.667|INFO|Thread-9|dumpPacket|  From: SERVER0 @ site 1, oSERVER0 @ site 1 (pc2prod.encs.concordia.ca @ 127.0.0.1) (Contest Id: Lab_2_2_Mon_1945-6812801169412160031)
190930 201123.667|INFO|Thread-9|dumpPacket|    To: TEAM40131284 @ site 1
190930 201123.667|INFO|Thread-9|dumpPacket|   key: RUN is: edu.csus.ecs.pc2.core.model.Run Run 15 QUEUED_FOR_COMPUTER_JUDGEMENT 24 min 1474595ms from TEAM40131284 @ site 1 id Run-9158040283118474491 problem problem1-7719490092355705557 lang Java-6674820217996524370
190930 201125.359|INFO|Thread-10|info| receiveObject(S) start got Packet[RUN_JUDGEMENT] #527 SERVER0 @ site 1 -> TEAM40131284 @ site 1
190930 201125.359|INFO|Thread-10|dumpPacket|Packet RUN_JUDGEMENT (Seq #527, o#527 ) recieveObject
190930 201125.359|INFO|Thread-10|dumpPacket|  From: SERVER0 @ site 1, oSERVER0 @ site 1 (pc2prod.encs.concordia.ca @ 127.0.0.1) (Contest Id: Lab_2_2_Mon_1945-6812801169412160031)
190930 201125.359|INFO|Thread-10|dumpPacket|    To: TEAM40131284 @ site 1
190930 201125.359|INFO|Thread-10|dumpPacket|   key: JUDGEMENT_RECORD is: edu.csus.ecs.pc2.core.model.JudgementRecord Yes by JUDGE1 @ site 1 judgement Yes-5207136193228953640 id JudgementRecord--8585904843246945969
190930 201125.360|INFO|Thread-10|dumpPacket|   key: CLIENT_ID is: edu.csus.ecs.pc2.core.model.ClientId SERVER0 @ site 1
190930 201125.360|INFO|Thread-10|dumpPacket|   key: RUN is: edu.csus.ecs.pc2.core.model.Run Run 15 JUDGED 24 min 1474595ms from TEAM40131284 @ site 1 id Run-9158040283118474491 problem problem1-7719490092355705557 lang Java-6674820217996524370
190930 201125.360|INFO|Thread-10|info|handlePacket start Packet[RUN_JUDGEMENT] #527 SERVER0 @ site 1 -> TEAM40131284 @ site 1
190930 201125.360|INFO|Thread-10|dumpPacket|Packet RUN_JUDGEMENT (Seq #527, o#527 ) handlePacket
190930 201125.360|INFO|Thread-10|dumpPacket|  From: SERVER0 @ site 1, oSERVER0 @ site 1 (pc2prod.encs.concordia.ca @ 127.0.0.1) (Contest Id: Lab_2_2_Mon_1945-6812801169412160031)
190930 201125.360|INFO|Thread-10|dumpPacket|    To: TEAM40131284 @ site 1
190930 201125.360|INFO|Thread-10|dumpPacket|   key: JUDGEMENT_RECORD is: edu.csus.ecs.pc2.core.model.JudgementRecord Yes by JUDGE1 @ site 1 judgement Yes-5207136193228953640 id JudgementRecord--8585904843246945969
190930 201125.360|INFO|Thread-10|dumpPacket|   key: CLIENT_ID is: edu.csus.ecs.pc2.core.model.ClientId SERVER0 @ site 1
190930 201125.360|INFO|Thread-10|dumpPacket|   key: RUN is: edu.csus.ecs.pc2.core.model.Run Run 15 JUDGED 24 min 1474595ms from TEAM40131284 @ site 1 id Run-9158040283118474491 problem problem1-7719490092355705557 lang Java-6674820217996524370
190930 201126.777|INFO|Thread-10|runChanged|RunsPane.RunListener: Action=CHANGED; DetailedAction=null; msg=null; run=Run 15 JUDGED 24 min 1474595ms from TEAM40131284 @ site 1 id Run-9158040283118474491 problem problem1-7719490092355705557 lang Java-6674820217996524370; runFiles=null
190930 201126.777|INFO|Thread-10|runChanged|Event not for me: sent to null but my ID is TEAM40131284 @ site 1
190930 201126.777|INFO|Thread-10|info| receiveObject(S) end   got Packet[RUN_JUDGEMENT] #527 SERVER0 @ site 1 -> TEAM40131284 @ site 1
190930 201127.468|INFO|Thread-9|info| receiveObject(S) end   got Packet[RUN_SUBMISSION_CONFIRM] #523 SERVER0 @ site 1 -> TEAM40131284 @ site 1
191007 194632.928|CONFIG|Thread-5|setFileHandlers|Now logging to C:\Users\shadi\Google Drive\University\COMP-248\comp248_labs\bin\logs directory.
191007 194632.928|INFO|Thread-5|info|
191007 194632.928|INFO|Thread-5|info|Version 9.6.0 () Java ver 1.8.0_221 build 5102 Windows 10 10.0 (x86) 
191007 194632.928|INFO|Thread-5|info|Login: team40131284 (aka team40131284)
191007 194632.928|INFO|Thread-5|startLog|Working directory is C:\Users\shadi\Google Drive\University\COMP-248\comp248_labs\bin
191007 194632.928|INFO|Thread-5|startLog|Process id is 18944@DESKTOP-0RQ392J
191007 194632.928|INFO|Thread-5|info|Attempting to load UI class edu.csus.ecs.pc2.ui.team.TeamView
191007 194632.935|INFO|Thread-5|info|Loaded UI class edu.csus.ecs.pc2.ui.team.TeamView
191007 194633.056|INFO|Thread-5|info| handlePacket original LOGIN_SUCCESS after -- all settings loaded 
191007 194633.057|INFO|Thread-5|info|handlePacket end Packet[LOGIN_SUCCESS] #3998 SERVER0 @ site 1 -> TEAM40131284 @ site 1
191007 194633.057|INFO|Thread-5|info| receiveObject(S) end   got Packet[LOGIN_SUCCESS] #3998 SERVER0 @ site 1 -> TEAM40131284 @ site 1
191007 194653.280|INFO|Thread-6|info| receiveObject(S) start got Packet[CLOCK_STARTED] #4005 SERVER0 @ site 1 -> SERVER0 @ site 0
191007 194653.280|INFO|Thread-6|dumpPacket|Packet CLOCK_STARTED (Seq #4005, o#4005 ) recieveObject
191007 194653.280|INFO|Thread-6|dumpPacket|  From: SERVER0 @ site 1, oSERVER0 @ site 1 (pc2prod.encs.concordia.ca @ 127.0.0.1) (Contest Id: Lab_3_2_Mon_1945--2364972107457643262)
191007 194653.280|INFO|Thread-6|dumpPacket|    To: SERVER0 @ site 0
191007 194653.280|INFO|Thread-6|dumpPacket|   key: CLIENT_ID is: edu.csus.ecs.pc2.core.model.ClientId SERVER0 @ site 1
191007 194653.280|INFO|Thread-6|dumpPacket|   key: SERVER_CLOCK_OFFSET is: java.util.GregorianCalendar java.util.GregorianCalendar[time=1570491900001,areFieldsSet=true,areAllFieldsSet=false,lenient=true,zone=sun.util.calendar.ZoneInfo[id="GMT",offset=0,dstSavings=0,useDaylight=false,transitions=0,lastRule=null],firstDayOfWeek=1,minimalDaysInFirstWeek=1,ERA=1,YEAR=2019,MONTH=9,WEEK_OF_YEAR=41,WEEK_OF_MONTH=2,DAY_OF_MONTH=7,DAY_OF_YEAR=280,DAY_OF_WEEK=2,DAY_OF_WEEK_IN_MONTH=1,AM_PM=1,HOUR=11,HOUR_OF_DAY=23,MINUTE=45,SECOND=0,MILLISECOND=1,ZONE_OFFSET=0,DST_OFFSET=0]
191007 194653.280|INFO|Thread-6|dumpPacket|   key: SITE_NUMBER is: java.lang.Integer 1
191007 194653.281|INFO|Thread-6|info|handlePacket start Packet[CLOCK_STARTED] #4005 SERVER0 @ site 1 -> SERVER0 @ site 0
191007 194653.281|INFO|Thread-6|dumpPacket|Packet CLOCK_STARTED (Seq #4005, o#4005 ) handlePacket
191007 194653.281|INFO|Thread-6|dumpPacket|  From: SERVER0 @ site 1, oSERVER0 @ site 1 (pc2prod.encs.concordia.ca @ 127.0.0.1) (Contest Id: Lab_3_2_Mon_1945--2364972107457643262)
191007 194653.281|INFO|Thread-6|dumpPacket|    To: SERVER0 @ site 0
191007 194653.281|INFO|Thread-6|dumpPacket|   key: CLIENT_ID is: edu.csus.ecs.pc2.core.model.ClientId SERVER0 @ site 1
191007 194653.281|INFO|Thread-6|dumpPacket|   key: SERVER_CLOCK_OFFSET is: java.util.GregorianCalendar java.util.GregorianCalendar[time=1570491900001,areFieldsSet=true,areAllFieldsSet=false,lenient=true,zone=sun.util.calendar.ZoneInfo[id="GMT",offset=0,dstSavings=0,useDaylight=false,transitions=0,lastRule=null],firstDayOfWeek=1,minimalDaysInFirstWeek=1,ERA=1,YEAR=2019,MONTH=9,WEEK_OF_YEAR=41,WEEK_OF_MONTH=2,DAY_OF_MONTH=7,DAY_OF_YEAR=280,DAY_OF_WEEK=2,DAY_OF_WEEK_IN_MONTH=1,AM_PM=1,HOUR=11,HOUR_OF_DAY=23,MINUTE=45,SECOND=0,MILLISECOND=1,ZONE_OFFSET=0,DST_OFFSET=0]
191007 194653.281|INFO|Thread-6|dumpPacket|   key: SITE_NUMBER is: java.lang.Integer 1
191007 194653.282|INFO|Thread-6|info|Clock for site 1 started by SERVER0 @ site 1 elapsed 0:00:00
191007 194653.282|INFO|Thread-6|info| receiveObject(S) end   got Packet[CLOCK_STARTED] #4005 SERVER0 @ site 1 -> SERVER0 @ site 0
191007 201508.075|INFO|AWT-EventQueue-0|testOrSubmitRun|submitRun for problem1 Java file: C:\Users\shadi\Desktop\hehexd\Lab3\src\Lab3.java
191007 201508.076|INFO|AWT-EventQueue-0|sendToLocalServer|Sending packet to server Packet[RUN_SUBMISSION] #2 TEAM40131284 @ site 1 -> SERVER0 @ site 1
191007 201508.076|INFO|AWT-EventQueue-0|sendToLocalServer|Sent    packet to server Packet[RUN_SUBMISSION] #2 TEAM40131284 @ site 1 -> SERVER0 @ site 1
191007 201508.120|INFO|Thread-9|info| receiveObject(S) start got Packet[RUN_SUBMISSION_CONFIRM] #4260 SERVER0 @ site 1 -> TEAM40131284 @ site 1
191007 201508.120|INFO|Thread-9|dumpPacket|Packet RUN_SUBMISSION_CONFIRM (Seq #4260, o#4260 ) recieveObject
191007 201508.120|INFO|Thread-9|dumpPacket|  From: SERVER0 @ site 1, oSERVER0 @ site 1 (pc2prod.encs.concordia.ca @ 127.0.0.1) (Contest Id: Lab_3_2_Mon_1945--2364972107457643262)
191007 201508.120|INFO|Thread-9|dumpPacket|    To: TEAM40131284 @ site 1
191007 201508.120|INFO|Thread-9|dumpPacket|   key: RUN is: edu.csus.ecs.pc2.core.model.Run Run 28 QUEUED_FOR_COMPUTER_JUDGEMENT 28 min 1694891ms from TEAM40131284 @ site 1 id Run-6516211314821303213 problem problem1--5926637863093096184 lang Java-6674820217996524370
191007 201508.120|INFO|Thread-9|info|handlePacket start Packet[RUN_SUBMISSION_CONFIRM] #4260 SERVER0 @ site 1 -> TEAM40131284 @ site 1
191007 201508.120|INFO|Thread-9|dumpPacket|Packet RUN_SUBMISSION_CONFIRM (Seq #4260, o#4260 ) handlePacket
191007 201508.120|INFO|Thread-9|dumpPacket|  From: SERVER0 @ site 1, oSERVER0 @ site 1 (pc2prod.encs.concordia.ca @ 127.0.0.1) (Contest Id: Lab_3_2_Mon_1945--2364972107457643262)
191007 201508.120|INFO|Thread-9|dumpPacket|    To: TEAM40131284 @ site 1
191007 201508.120|INFO|Thread-9|dumpPacket|   key: RUN is: edu.csus.ecs.pc2.core.model.Run Run 28 QUEUED_FOR_COMPUTER_JUDGEMENT 28 min 1694891ms from TEAM40131284 @ site 1 id Run-6516211314821303213 problem problem1--5926637863093096184 lang Java-6674820217996524370
191007 201509.509|INFO|Thread-10|info| receiveObject(S) start got Packet[RUN_JUDGEMENT] #4264 SERVER0 @ site 1 -> TEAM40131284 @ site 1
191007 201509.509|INFO|Thread-10|dumpPacket|Packet RUN_JUDGEMENT (Seq #4264, o#4264 ) recieveObject
191007 201509.509|INFO|Thread-10|dumpPacket|  From: SERVER0 @ site 1, oSERVER0 @ site 1 (pc2prod.encs.concordia.ca @ 127.0.0.1) (Contest Id: Lab_3_2_Mon_1945--2364972107457643262)
191007 201509.509|INFO|Thread-10|dumpPacket|    To: TEAM40131284 @ site 1
191007 201509.509|INFO|Thread-10|dumpPacket|   key: JUDGEMENT_RECORD is: edu.csus.ecs.pc2.core.model.JudgementRecord Yes by JUDGE1 @ site 1 judgement Yes-5207136193228953640 id JudgementRecord--1639427516959933977
191007 201509.509|INFO|Thread-10|dumpPacket|   key: CLIENT_ID is: edu.csus.ecs.pc2.core.model.ClientId SERVER0 @ site 1
191007 201509.509|INFO|Thread-10|dumpPacket|   key: RUN is: edu.csus.ecs.pc2.core.model.Run Run 28 JUDGED 28 min 1694891ms from TEAM40131284 @ site 1 id Run-6516211314821303213 problem problem1--5926637863093096184 lang Java-6674820217996524370
191007 201509.509|INFO|Thread-10|info|handlePacket start Packet[RUN_JUDGEMENT] #4264 SERVER0 @ site 1 -> TEAM40131284 @ site 1
191007 201509.509|INFO|Thread-10|dumpPacket|Packet RUN_JUDGEMENT (Seq #4264, o#4264 ) handlePacket
191007 201509.509|INFO|Thread-10|dumpPacket|  From: SERVER0 @ site 1, oSERVER0 @ site 1 (pc2prod.encs.concordia.ca @ 127.0.0.1) (Contest Id: Lab_3_2_Mon_1945--2364972107457643262)
191007 201509.510|INFO|Thread-10|dumpPacket|    To: TEAM40131284 @ site 1
191007 201509.510|INFO|Thread-10|dumpPacket|   key: JUDGEMENT_RECORD is: edu.csus.ecs.pc2.core.model.JudgementRecord Yes by JUDGE1 @ site 1 judgement Yes-5207136193228953640 id JudgementRecord--1639427516959933977
191007 201509.510|INFO|Thread-10|dumpPacket|   key: CLIENT_ID is: edu.csus.ecs.pc2.core.model.ClientId SERVER0 @ site 1
191007 201509.510|INFO|Thread-10|dumpPacket|   key: RUN is: edu.csus.ecs.pc2.core.model.Run Run 28 JUDGED 28 min 1694891ms from TEAM40131284 @ site 1 id Run-6516211314821303213 problem problem1--5926637863093096184 lang Java-6674820217996524370
191007 201510.700|INFO|Thread-10|runChanged|RunsPane.RunListener: Action=CHANGED; DetailedAction=null; msg=null; run=Run 28 JUDGED 28 min 1694891ms from TEAM40131284 @ site 1 id Run-6516211314821303213 problem problem1--5926637863093096184 lang Java-6674820217996524370; runFiles=null
191007 201510.700|INFO|Thread-10|runChanged|Event not for me: sent to null but my ID is TEAM40131284 @ site 1
191007 201510.700|INFO|Thread-10|info| receiveObject(S) end   got Packet[RUN_JUDGEMENT] #4264 SERVER0 @ site 1 -> TEAM40131284 @ site 1
191007 201511.419|INFO|Thread-9|info| receiveObject(S) end   got Packet[RUN_SUBMISSION_CONFIRM] #4260 SERVER0 @ site 1 -> TEAM40131284 @ site 1
191021 195510.676|CONFIG|Thread-5|setFileHandlers|Now logging to D:\Wamp64\www\GitHub\University\COMP-248\comp248_labs\bin\logs directory.
191021 195510.676|INFO|Thread-5|info|
191021 195510.676|INFO|Thread-5|info|Version 9.6.0 () Java ver 1.8.0_221 build 5102 Windows 10 10.0 (x86) 
191021 195510.676|INFO|Thread-5|info|Login: team40131284 (aka team40131284)
191021 195510.676|INFO|Thread-5|startLog|Working directory is D:\Wamp64\www\GitHub\University\COMP-248\comp248_labs\bin
191021 195510.676|INFO|Thread-5|startLog|Process id is 5592@DESKTOP-0RQ392J
191021 195510.676|INFO|Thread-5|info|Attempting to load UI class edu.csus.ecs.pc2.ui.team.TeamView
191021 195510.682|INFO|Thread-5|info|Loaded UI class edu.csus.ecs.pc2.ui.team.TeamView
191021 195510.804|INFO|Thread-5|info| handlePacket original LOGIN_SUCCESS after -- all settings loaded 
191021 195510.804|INFO|Thread-5|info|handlePacket end Packet[LOGIN_SUCCESS] #7429 SERVER0 @ site 1 -> TEAM40131284 @ site 1
191021 195510.804|INFO|Thread-5|info| receiveObject(S) end   got Packet[LOGIN_SUCCESS] #7429 SERVER0 @ site 1 -> TEAM40131284 @ site 1
191021 195645.258|INFO|AWT-EventQueue-0|testOrSubmitRun|submitRun for problem1 Java file: D:\Wamp64\www\GitHub\University\COMP-248\Assignement 3\src\Lab4.java
191021 195645.259|INFO|AWT-EventQueue-0|sendToLocalServer|Sending packet to server Packet[RUN_SUBMISSION] #2 TEAM40131284 @ site 1 -> SERVER0 @ site 1
191021 195645.260|INFO|AWT-EventQueue-0|sendToLocalServer|Sent    packet to server Packet[RUN_SUBMISSION] #2 TEAM40131284 @ site 1 -> SERVER0 @ site 1
191021 195645.304|INFO|Thread-8|info| receiveObject(S) start got Packet[RUN_SUBMISSION_CONFIRM] #7445 SERVER0 @ site 1 -> TEAM40131284 @ site 1
191021 195645.304|INFO|Thread-8|dumpPacket|Packet RUN_SUBMISSION_CONFIRM (Seq #7445, o#7445 ) recieveObject
191021 195645.304|INFO|Thread-8|dumpPacket|  From: SERVER0 @ site 1, oSERVER0 @ site 1 (pc2prod.encs.concordia.ca @ 127.0.0.1) (Contest Id: Lab_4_2_Mon_1945--5045547606737857074)
191021 195645.305|INFO|Thread-8|dumpPacket|    To: TEAM40131284 @ site 1
191021 195645.305|INFO|Thread-8|dumpPacket|   key: RUN is: edu.csus.ecs.pc2.core.model.Run Run 6 QUEUED_FOR_COMPUTER_JUDGEMENT 9 min 581078ms from TEAM40131284 @ site 1 id Run-6291741128937808559 problem problem1-6916108933240809860 lang Java-6674820217996524370
191021 195645.305|INFO|Thread-8|info|handlePacket start Packet[RUN_SUBMISSION_CONFIRM] #7445 SERVER0 @ site 1 -> TEAM40131284 @ site 1
191021 195645.305|INFO|Thread-8|dumpPacket|Packet RUN_SUBMISSION_CONFIRM (Seq #7445, o#7445 ) handlePacket
191021 195645.305|INFO|Thread-8|dumpPacket|  From: SERVER0 @ site 1, oSERVER0 @ site 1 (pc2prod.encs.concordia.ca @ 127.0.0.1) (Contest Id: Lab_4_2_Mon_1945--5045547606737857074)
191021 195645.305|INFO|Thread-8|dumpPacket|    To: TEAM40131284 @ site 1
191021 195645.305|INFO|Thread-8|dumpPacket|   key: RUN is: edu.csus.ecs.pc2.core.model.Run Run 6 QUEUED_FOR_COMPUTER_JUDGEMENT 9 min 581078ms from TEAM40131284 @ site 1 id Run-6291741128937808559 problem problem1-6916108933240809860 lang Java-6674820217996524370
191021 195647.180|INFO|Thread-9|info| receiveObject(S) start got Packet[RUN_JUDGEMENT] #7449 SERVER0 @ site 1 -> TEAM40131284 @ site 1
191021 195647.180|INFO|Thread-9|dumpPacket|Packet RUN_JUDGEMENT (Seq #7449, o#7449 ) recieveObject
191021 195647.180|INFO|Thread-9|dumpPacket|  From: SERVER0 @ site 1, oSERVER0 @ site 1 (pc2prod.encs.concordia.ca @ 127.0.0.1) (Contest Id: Lab_4_2_Mon_1945--5045547606737857074)
191021 195647.180|INFO|Thread-9|dumpPacket|    To: TEAM40131284 @ site 1
191021 195647.180|INFO|Thread-9|dumpPacket|   key: JUDGEMENT_RECORD is: edu.csus.ecs.pc2.core.model.JudgementRecord Yes by JUDGE1 @ site 1 judgement Yes-5207136193228953640 id JudgementRecord--7816205515713978424
191021 195647.180|INFO|Thread-9|dumpPacket|   key: CLIENT_ID is: edu.csus.ecs.pc2.core.model.ClientId SERVER0 @ site 1
191021 195647.181|INFO|Thread-9|dumpPacket|   key: RUN is: edu.csus.ecs.pc2.core.model.Run Run 6 JUDGED 9 min 581078ms from TEAM40131284 @ site 1 id Run-6291741128937808559 problem problem1-6916108933240809860 lang Java-6674820217996524370
191021 195647.181|INFO|Thread-9|info|handlePacket start Packet[RUN_JUDGEMENT] #7449 SERVER0 @ site 1 -> TEAM40131284 @ site 1
191021 195647.181|INFO|Thread-9|dumpPacket|Packet RUN_JUDGEMENT (Seq #7449, o#7449 ) handlePacket
191021 195647.181|INFO|Thread-9|dumpPacket|  From: SERVER0 @ site 1, oSERVER0 @ site 1 (pc2prod.encs.concordia.ca @ 127.0.0.1) (Contest Id: Lab_4_2_Mon_1945--5045547606737857074)
191021 195647.181|INFO|Thread-9|dumpPacket|    To: TEAM40131284 @ site 1
191021 195647.181|INFO|Thread-9|dumpPacket|   key: JUDGEMENT_RECORD is: edu.csus.ecs.pc2.core.model.JudgementRecord Yes by JUDGE1 @ site 1 judgement Yes-5207136193228953640 id JudgementRecord--7816205515713978424
191021 195647.181|INFO|Thread-9|dumpPacket|   key: CLIENT_ID is: edu.csus.ecs.pc2.core.model.ClientId SERVER0 @ site 1
191021 195647.181|INFO|Thread-9|dumpPacket|   key: RUN is: edu.csus.ecs.pc2.core.model.Run Run 6 JUDGED 9 min 581078ms from TEAM40131284 @ site 1 id Run-6291741128937808559 problem problem1-6916108933240809860 lang Java-6674820217996524370
191021 195648.272|INFO|Thread-9|runChanged|RunsPane.RunListener: Action=CHANGED; DetailedAction=null; msg=null; run=Run 6 JUDGED 9 min 581078ms from TEAM40131284 @ site 1 id Run-6291741128937808559 problem problem1-6916108933240809860 lang Java-6674820217996524370; runFiles=null
191021 195648.272|INFO|Thread-9|runChanged|Event not for me: sent to null but my ID is TEAM40131284 @ site 1
191021 195648.272|INFO|Thread-9|info| receiveObject(S) end   got Packet[RUN_JUDGEMENT] #7449 SERVER0 @ site 1 -> TEAM40131284 @ site 1
191021 195648.894|INFO|Thread-8|info| receiveObject(S) end   got Packet[RUN_SUBMISSION_CONFIRM] #7445 SERVER0 @ site 1 -> TEAM40131284 @ site 1
191028 194626.178|CONFIG|Thread-5|setFileHandlers|Now logging to D:\Wamp64\www\GitHub\University\COMP-248\comp248_labs\bin\logs directory.
191028 194626.178|INFO|Thread-5|info|
191028 194626.178|INFO|Thread-5|info|Version 9.6.0 () Java ver 1.8.0_221 build 5102 Windows 10 10.0 (x86) 
191028 194626.179|INFO|Thread-5|info|Login: team40131284 (aka team40131284)
191028 194626.179|INFO|Thread-5|startLog|Working directory is D:\Wamp64\www\GitHub\University\COMP-248\comp248_labs\bin
191028 194626.179|INFO|Thread-5|startLog|Process id is 9332@DESKTOP-0RQ392J
191028 194626.179|INFO|Thread-5|info|Attempting to load UI class edu.csus.ecs.pc2.ui.team.TeamView
191028 194626.186|INFO|Thread-5|info|Loaded UI class edu.csus.ecs.pc2.ui.team.TeamView
191028 194626.314|INFO|Thread-5|info| handlePacket original LOGIN_SUCCESS after -- all settings loaded 
191028 194626.314|INFO|Thread-5|info|handlePacket end Packet[LOGIN_SUCCESS] #10364 SERVER0 @ site 1 -> TEAM40131284 @ site 1
191028 194626.315|INFO|Thread-5|info| receiveObject(S) end   got Packet[LOGIN_SUCCESS] #10364 SERVER0 @ site 1 -> TEAM40131284 @ site 1
191028 194707.306|INFO|Thread-6|info| receiveObject(S) start got Packet[CLOCK_STARTED] #10372 SERVER0 @ site 1 -> SERVER0 @ site 0
191028 194707.306|INFO|Thread-6|dumpPacket|Packet CLOCK_STARTED (Seq #10372, o#10372 ) recieveObject
191028 194707.306|INFO|Thread-6|dumpPacket|  From: SERVER0 @ site 1, oSERVER0 @ site 1 (pc2prod.encs.concordia.ca @ 127.0.0.1) (Contest Id: Lab_5_2_Mon_1945--5922912528344175164)
191028 194707.306|INFO|Thread-6|dumpPacket|    To: SERVER0 @ site 0
191028 194707.306|INFO|Thread-6|dumpPacket|   key: CLIENT_ID is: edu.csus.ecs.pc2.core.model.ClientId SERVER0 @ site 1
191028 194707.307|INFO|Thread-6|dumpPacket|   key: SERVER_CLOCK_OFFSET is: java.util.GregorianCalendar java.util.GregorianCalendar[time=1572306300002,areFieldsSet=true,areAllFieldsSet=false,lenient=true,zone=sun.util.calendar.ZoneInfo[id="GMT",offset=0,dstSavings=0,useDaylight=false,transitions=0,lastRule=null],firstDayOfWeek=1,minimalDaysInFirstWeek=1,ERA=1,YEAR=2019,MONTH=9,WEEK_OF_YEAR=44,WEEK_OF_MONTH=5,DAY_OF_MONTH=28,DAY_OF_YEAR=301,DAY_OF_WEEK=2,DAY_OF_WEEK_IN_MONTH=4,AM_PM=1,HOUR=11,HOUR_OF_DAY=23,MINUTE=45,SECOND=0,MILLISECOND=2,ZONE_OFFSET=0,DST_OFFSET=0]
191028 194707.307|INFO|Thread-6|dumpPacket|   key: SITE_NUMBER is: java.lang.Integer 1
191028 194707.307|INFO|Thread-6|info|handlePacket start Packet[CLOCK_STARTED] #10372 SERVER0 @ site 1 -> SERVER0 @ site 0
191028 194707.307|INFO|Thread-6|dumpPacket|Packet CLOCK_STARTED (Seq #10372, o#10372 ) handlePacket
191028 194707.307|INFO|Thread-6|dumpPacket|  From: SERVER0 @ site 1, oSERVER0 @ site 1 (pc2prod.encs.concordia.ca @ 127.0.0.1) (Contest Id: Lab_5_2_Mon_1945--5922912528344175164)
191028 194707.307|INFO|Thread-6|dumpPacket|    To: SERVER0 @ site 0
191028 194707.307|INFO|Thread-6|dumpPacket|   key: CLIENT_ID is: edu.csus.ecs.pc2.core.model.ClientId SERVER0 @ site 1
191028 194707.307|INFO|Thread-6|dumpPacket|   key: SERVER_CLOCK_OFFSET is: java.util.GregorianCalendar java.util.GregorianCalendar[time=1572306300002,areFieldsSet=true,areAllFieldsSet=false,lenient=true,zone=sun.util.calendar.ZoneInfo[id="GMT",offset=0,dstSavings=0,useDaylight=false,transitions=0,lastRule=null],firstDayOfWeek=1,minimalDaysInFirstWeek=1,ERA=1,YEAR=2019,MONTH=9,WEEK_OF_YEAR=44,WEEK_OF_MONTH=5,DAY_OF_MONTH=28,DAY_OF_YEAR=301,DAY_OF_WEEK=2,DAY_OF_WEEK_IN_MONTH=4,AM_PM=1,HOUR=11,HOUR_OF_DAY=23,MINUTE=45,SECOND=0,MILLISECOND=2,ZONE_OFFSET=0,DST_OFFSET=0]
191028 194707.307|INFO|Thread-6|dumpPacket|   key: SITE_NUMBER is: java.lang.Integer 1
191028 194707.308|INFO|Thread-6|info|Clock for site 1 started by SERVER0 @ site 1 elapsed 0:00:00
191028 194707.309|INFO|Thread-6|info| receiveObject(S) end   got Packet[CLOCK_STARTED] #10372 SERVER0 @ site 1 -> SERVER0 @ site 0
191028 200529.446|INFO|AWT-EventQueue-0|testOrSubmitRun|submitRun for Problem_1 Java file: D:\Wamp64\www\GitHub\University\COMP-248\Assignement 3\src\Lab5.java
191028 200529.447|INFO|AWT-EventQueue-0|sendToLocalServer|Sending packet to server Packet[RUN_SUBMISSION] #2 TEAM40131284 @ site 1 -> SERVER0 @ site 1
191028 200529.447|INFO|AWT-EventQueue-0|sendToLocalServer|Sent    packet to server Packet[RUN_SUBMISSION] #2 TEAM40131284 @ site 1 -> SERVER0 @ site 1
191028 200529.494|INFO|Thread-9|info| receiveObject(S) start got Packet[RUN_SUBMISSION_CONFIRM] #10443 SERVER0 @ site 1 -> TEAM40131284 @ site 1
191028 200529.494|INFO|Thread-9|dumpPacket|Packet RUN_SUBMISSION_CONFIRM (Seq #10443, o#10443 ) recieveObject
191028 200529.494|INFO|Thread-9|dumpPacket|  From: SERVER0 @ site 1, oSERVER0 @ site 1 (pc2prod.encs.concordia.ca @ 127.0.0.1) (Contest Id: Lab_5_2_Mon_1945--5922912528344175164)
191028 200529.494|INFO|Thread-9|dumpPacket|    To: TEAM40131284 @ site 1
191028 200529.494|INFO|Thread-9|dumpPacket|   key: RUN is: edu.csus.ecs.pc2.core.model.Run Run 8 QUEUED_FOR_COMPUTER_JUDGEMENT 18 min 1102215ms from TEAM40131284 @ site 1 id Run--3959492394802211164 problem Problem_1--8274257287893684495 lang Java-6674820217996524370
191028 200529.494|INFO|Thread-9|info|handlePacket start Packet[RUN_SUBMISSION_CONFIRM] #10443 SERVER0 @ site 1 -> TEAM40131284 @ site 1
191028 200529.495|INFO|Thread-9|dumpPacket|Packet RUN_SUBMISSION_CONFIRM (Seq #10443, o#10443 ) handlePacket
191028 200529.495|INFO|Thread-9|dumpPacket|  From: SERVER0 @ site 1, oSERVER0 @ site 1 (pc2prod.encs.concordia.ca @ 127.0.0.1) (Contest Id: Lab_5_2_Mon_1945--5922912528344175164)
191028 200529.495|INFO|Thread-9|dumpPacket|    To: TEAM40131284 @ site 1
191028 200529.495|INFO|Thread-9|dumpPacket|   key: RUN is: edu.csus.ecs.pc2.core.model.Run Run 8 QUEUED_FOR_COMPUTER_JUDGEMENT 18 min 1102215ms from TEAM40131284 @ site 1 id Run--3959492394802211164 problem Problem_1--8274257287893684495 lang Java-6674820217996524370
191028 200530.964|INFO|Thread-10|info| receiveObject(S) start got Packet[RUN_JUDGEMENT] #10447 SERVER0 @ site 1 -> TEAM40131284 @ site 1
191028 200530.964|INFO|Thread-10|dumpPacket|Packet RUN_JUDGEMENT (Seq #10447, o#10447 ) recieveObject
191028 200530.964|INFO|Thread-10|dumpPacket|  From: SERVER0 @ site 1, oSERVER0 @ site 1 (pc2prod.encs.concordia.ca @ 127.0.0.1) (Contest Id: Lab_5_2_Mon_1945--5922912528344175164)
191028 200530.964|INFO|Thread-10|dumpPacket|    To: TEAM40131284 @ site 1
191028 200530.965|INFO|Thread-10|dumpPacket|   key: JUDGEMENT_RECORD is: edu.csus.ecs.pc2.core.model.JudgementRecord Yes by JUDGE1 @ site 1 judgement Yes-5207136193228953640 id JudgementRecord-8950722566726526112
191028 200530.965|INFO|Thread-10|dumpPacket|   key: CLIENT_ID is: edu.csus.ecs.pc2.core.model.ClientId SERVER0 @ site 1
191028 200530.965|INFO|Thread-10|dumpPacket|   key: RUN is: edu.csus.ecs.pc2.core.model.Run Run 8 JUDGED 18 min 1102215ms from TEAM40131284 @ site 1 id Run--3959492394802211164 problem Problem_1--8274257287893684495 lang Java-6674820217996524370
191028 200530.965|INFO|Thread-10|info|handlePacket start Packet[RUN_JUDGEMENT] #10447 SERVER0 @ site 1 -> TEAM40131284 @ site 1
191028 200530.965|INFO|Thread-10|dumpPacket|Packet RUN_JUDGEMENT (Seq #10447, o#10447 ) handlePacket
191028 200530.965|INFO|Thread-10|dumpPacket|  From: SERVER0 @ site 1, oSERVER0 @ site 1 (pc2prod.encs.concordia.ca @ 127.0.0.1) (Contest Id: Lab_5_2_Mon_1945--5922912528344175164)
191028 200530.965|INFO|Thread-10|dumpPacket|    To: TEAM40131284 @ site 1
191028 200530.965|INFO|Thread-10|dumpPacket|   key: JUDGEMENT_RECORD is: edu.csus.ecs.pc2.core.model.JudgementRecord Yes by JUDGE1 @ site 1 judgement Yes-5207136193228953640 id JudgementRecord-8950722566726526112
191028 200530.965|INFO|Thread-10|dumpPacket|   key: CLIENT_ID is: edu.csus.ecs.pc2.core.model.ClientId SERVER0 @ site 1
191028 200530.965|INFO|Thread-10|dumpPacket|   key: RUN is: edu.csus.ecs.pc2.core.model.Run Run 8 JUDGED 18 min 1102215ms from TEAM40131284 @ site 1 id Run--3959492394802211164 problem Problem_1--8274257287893684495 lang Java-6674820217996524370
191028 200531.842|INFO|Thread-10|runChanged|RunsPane.RunListener: Action=CHANGED; DetailedAction=null; msg=null; run=Run 8 JUDGED 18 min 1102215ms from TEAM40131284 @ site 1 id Run--3959492394802211164 problem Problem_1--8274257287893684495 lang Java-6674820217996524370; runFiles=null
191028 200531.842|INFO|Thread-10|runChanged|Event not for me: sent to null but my ID is TEAM40131284 @ site 1
191028 200531.842|INFO|Thread-10|info| receiveObject(S) end   got Packet[RUN_JUDGEMENT] #10447 SERVER0 @ site 1 -> TEAM40131284 @ site 1
191028 200532.264|INFO|Thread-9|info| receiveObject(S) end   got Packet[RUN_SUBMISSION_CONFIRM] #10443 SERVER0 @ site 1 -> TEAM40131284 @ site 1
191111 201849.923|CONFIG|Thread-5|setFileHandlers|Now logging to D:\Wamp64\www\GitHub\University\COMP-248\comp248_labs\bin\logs directory.
191111 201849.923|INFO|Thread-5|info|
191111 201849.923|INFO|Thread-5|info|Version 9.6.0 () Java ver 1.8.0_221 build 5102 Windows 10 10.0 (x86) 
191111 201849.924|INFO|Thread-5|info|Login: team40131284 (aka team40131284)
191111 201849.924|INFO|Thread-5|startLog|Working directory is D:\Wamp64\www\GitHub\University\COMP-248\comp248_labs\bin
191111 201849.924|INFO|Thread-5|startLog|Process id is 19336@DESKTOP-0RQ392J
191111 201849.924|INFO|Thread-5|info|Attempting to load UI class edu.csus.ecs.pc2.ui.team.TeamView
191111 201849.931|INFO|Thread-5|info|Loaded UI class edu.csus.ecs.pc2.ui.team.TeamView
191111 201850.051|INFO|Thread-5|info| handlePacket original LOGIN_SUCCESS after -- all settings loaded 
191111 201850.051|INFO|Thread-5|info|handlePacket end Packet[LOGIN_SUCCESS] #429 SERVER0 @ site 1 -> TEAM40131284 @ site 1
191111 201850.051|INFO|Thread-5|info| receiveObject(S) end   got Packet[LOGIN_SUCCESS] #429 SERVER0 @ site 1 -> TEAM40131284 @ site 1
191111 203133.276|INFO|Thread-6|info| receiveObject(S) start got Packet[CLOCK_STOPPED] #675 SERVER0 @ site 1 -> SERVER0 @ site 0
191111 203133.276|INFO|Thread-6|dumpPacket|Packet CLOCK_STOPPED (Seq #675, o#675 ) recieveObject
191111 203133.276|INFO|Thread-6|dumpPacket|  From: SERVER0 @ site 1, oSERVER0 @ site 1 (pc2prod.encs.concordia.ca @ 127.0.0.1) (Contest Id: Lab_6_2_Mon_1945--3825515035479592528)
191111 203133.276|INFO|Thread-6|dumpPacket|    To: SERVER0 @ site 0
191111 203133.276|INFO|Thread-6|dumpPacket|   key: CLIENT_ID is: edu.csus.ecs.pc2.core.model.ClientId ADMINISTRATOR1 @ site 1
191111 203133.276|INFO|Thread-6|dumpPacket|   key: SITE_NUMBER is: java.lang.Integer 1
191111 203133.276|INFO|Thread-6|info|handlePacket start Packet[CLOCK_STOPPED] #675 SERVER0 @ site 1 -> SERVER0 @ site 0
191111 203133.277|INFO|Thread-6|dumpPacket|Packet CLOCK_STOPPED (Seq #675, o#675 ) handlePacket
191111 203133.277|INFO|Thread-6|dumpPacket|  From: SERVER0 @ site 1, oSERVER0 @ site 1 (pc2prod.encs.concordia.ca @ 127.0.0.1) (Contest Id: Lab_6_2_Mon_1945--3825515035479592528)
191111 203133.277|INFO|Thread-6|dumpPacket|    To: SERVER0 @ site 0
191111 203133.277|INFO|Thread-6|dumpPacket|   key: CLIENT_ID is: edu.csus.ecs.pc2.core.model.ClientId ADMINISTRATOR1 @ site 1
191111 203133.277|INFO|Thread-6|dumpPacket|   key: SITE_NUMBER is: java.lang.Integer 1
191111 203133.278|INFO|Thread-6|info|Clock for site 1 stopped by ADMINISTRATOR1 @ site 1 elapsed 0:46:31
191111 203133.279|INFO|Thread-6|info| receiveObject(S) end   got Packet[CLOCK_STOPPED] #675 SERVER0 @ site 1 -> SERVER0 @ site 0
191111 203229.769|INFO|Thread-7|info| receiveObject(S) start got Packet[UPDATE_SETTING] #703 SERVER0 @ site 1 -> SERVER0 @ site 0
191111 203229.770|INFO|Thread-7|dumpPacket|Packet UPDATE_SETTING (Seq #703, o#3 ) recieveObject
191111 203229.770|INFO|Thread-7|dumpPacket|  From: SERVER0 @ site 1, oADMINISTRATOR1 @ site 1 (pc2prod.encs.concordia.ca @ 127.0.0.1) (Contest Id: Lab_6_2_Mon_1945--3825515035479592528)
191111 203229.770|INFO|Thread-7|dumpPacket|    To: SERVER0 @ site 0
191111 203229.770|INFO|Thread-7|dumpPacket|   key: PROBLEM is: edu.csus.ecs.pc2.core.model.Problem problem1
191111 203229.770|INFO|Thread-7|info|handlePacket start Packet[UPDATE_SETTING] #703 SERVER0 @ site 1 -> SERVER0 @ site 0
191111 203229.770|INFO|Thread-7|dumpPacket|Packet UPDATE_SETTING (Seq #703, o#3 ) handlePacket
191111 203229.770|INFO|Thread-7|dumpPacket|  From: SERVER0 @ site 1, oADMINISTRATOR1 @ site 1 (pc2prod.encs.concordia.ca @ 127.0.0.1) (Contest Id: Lab_6_2_Mon_1945--3825515035479592528)
191111 203229.771|INFO|Thread-7|dumpPacket|    To: SERVER0 @ site 0
191111 203229.771|INFO|Thread-7|dumpPacket|   key: PROBLEM is: edu.csus.ecs.pc2.core.model.Problem problem1
191111 203229.771|INFO|Thread-7|info|handlePacket end Packet[UPDATE_SETTING] #703 SERVER0 @ site 1 -> SERVER0 @ site 0
191111 203229.772|INFO|Thread-7|info| receiveObject(S) end   got Packet[UPDATE_SETTING] #703 SERVER0 @ site 1 -> SERVER0 @ site 0
191111 203308.706|INFO|Thread-8|info| receiveObject(S) start got Packet[CLOCK_STARTED] #718 SERVER0 @ site 1 -> SERVER0 @ site 0
191111 203308.706|INFO|Thread-8|dumpPacket|Packet CLOCK_STARTED (Seq #718, o#718 ) recieveObject
191111 203308.706|INFO|Thread-8|dumpPacket|  From: SERVER0 @ site 1, oSERVER0 @ site 1 (pc2prod.encs.concordia.ca @ 127.0.0.1) (Contest Id: Lab_6_2_Mon_1945--3825515035479592528)
191111 203308.706|INFO|Thread-8|dumpPacket|    To: SERVER0 @ site 0
191111 203308.707|INFO|Thread-8|dumpPacket|   key: CLIENT_ID is: edu.csus.ecs.pc2.core.model.ClientId ADMINISTRATOR1 @ site 1
191111 203308.707|INFO|Thread-8|dumpPacket|   key: SERVER_CLOCK_OFFSET is: java.util.GregorianCalendar java.util.GregorianCalendar[time=1573522387289,areFieldsSet=true,areAllFieldsSet=false,lenient=true,zone=sun.util.calendar.ZoneInfo[id="GMT",offset=0,dstSavings=0,useDaylight=false,transitions=0,lastRule=null],firstDayOfWeek=1,minimalDaysInFirstWeek=1,ERA=1,YEAR=2019,MONTH=10,WEEK_OF_YEAR=46,WEEK_OF_MONTH=3,DAY_OF_MONTH=12,DAY_OF_YEAR=316,DAY_OF_WEEK=3,DAY_OF_WEEK_IN_MONTH=2,AM_PM=0,HOUR=1,HOUR_OF_DAY=1,MINUTE=33,SECOND=7,MILLISECOND=289,ZONE_OFFSET=0,DST_OFFSET=0]
191111 203308.707|INFO|Thread-8|dumpPacket|   key: SITE_NUMBER is: java.lang.Integer 1
191111 203308.707|INFO|Thread-8|info|handlePacket start Packet[CLOCK_STARTED] #718 SERVER0 @ site 1 -> SERVER0 @ site 0
191111 203308.707|INFO|Thread-8|dumpPacket|Packet CLOCK_STARTED (Seq #718, o#718 ) handlePacket
191111 203308.707|INFO|Thread-8|dumpPacket|  From: SERVER0 @ site 1, oSERVER0 @ site 1 (pc2prod.encs.concordia.ca @ 127.0.0.1) (Contest Id: Lab_6_2_Mon_1945--3825515035479592528)
191111 203308.707|INFO|Thread-8|dumpPacket|    To: SERVER0 @ site 0
191111 203308.707|INFO|Thread-8|dumpPacket|   key: CLIENT_ID is: edu.csus.ecs.pc2.core.model.ClientId ADMINISTRATOR1 @ site 1
191111 203308.707|INFO|Thread-8|dumpPacket|   key: SERVER_CLOCK_OFFSET is: java.util.GregorianCalendar java.util.GregorianCalendar[time=1573522387289,areFieldsSet=true,areAllFieldsSet=false,lenient=true,zone=sun.util.calendar.ZoneInfo[id="GMT",offset=0,dstSavings=0,useDaylight=false,transitions=0,lastRule=null],firstDayOfWeek=1,minimalDaysInFirstWeek=1,ERA=1,YEAR=2019,MONTH=10,WEEK_OF_YEAR=46,WEEK_OF_MONTH=3,DAY_OF_MONTH=12,DAY_OF_YEAR=316,DAY_OF_WEEK=3,DAY_OF_WEEK_IN_MONTH=2,AM_PM=0,HOUR=1,HOUR_OF_DAY=1,MINUTE=33,SECOND=7,MILLISECOND=289,ZONE_OFFSET=0,DST_OFFSET=0]
191111 203308.707|INFO|Thread-8|dumpPacket|   key: SITE_NUMBER is: java.lang.Integer 1
191111 203308.708|INFO|Thread-8|info|Clock for site 1 started by ADMINISTRATOR1 @ site 1 elapsed 0:46:31
191111 203308.708|INFO|Thread-8|info| receiveObject(S) end   got Packet[CLOCK_STARTED] #718 SERVER0 @ site 1 -> SERVER0 @ site 0
191111 203527.482|INFO|AWT-EventQueue-0|testOrSubmitRun|submitRun for problem1 Java file: D:\Wamp64\www\GitHub\University\COMP-248\Lab6\src\Lab6.java
191111 203527.483|INFO|AWT-EventQueue-0|sendToLocalServer|Sending packet to server Packet[RUN_SUBMISSION] #2 TEAM40131284 @ site 1 -> SERVER0 @ site 1
191111 203527.484|INFO|AWT-EventQueue-0|sendToLocalServer|Sent    packet to server Packet[RUN_SUBMISSION] #2 TEAM40131284 @ site 1 -> SERVER0 @ site 1
191111 203527.556|INFO|Thread-11|info| receiveObject(S) start got Packet[RUN_SUBMISSION_CONFIRM] #811 SERVER0 @ site 1 -> TEAM40131284 @ site 1
191111 203527.556|INFO|Thread-11|dumpPacket|Packet RUN_SUBMISSION_CONFIRM (Seq #811, o#811 ) recieveObject
191111 203527.556|INFO|Thread-11|dumpPacket|  From: SERVER0 @ site 1, oSERVER0 @ site 1 (pc2prod.encs.concordia.ca @ 127.0.0.1) (Contest Id: Lab_6_2_Mon_1945--3825515035479592528)
191111 203527.556|INFO|Thread-11|dumpPacket|    To: TEAM40131284 @ site 1
191111 203527.556|INFO|Thread-11|dumpPacket|   key: RUN is: edu.csus.ecs.pc2.core.model.Run Run 88 QUEUED_FOR_COMPUTER_JUDGEMENT 48 min 2930634ms from TEAM40131284 @ site 1 id Run--2522832075959839975 problem problem1--5646042702935087510 lang Java-6674820217996524370
191111 203527.556|INFO|Thread-11|info|handlePacket start Packet[RUN_SUBMISSION_CONFIRM] #811 SERVER0 @ site 1 -> TEAM40131284 @ site 1
191111 203527.557|INFO|Thread-11|dumpPacket|Packet RUN_SUBMISSION_CONFIRM (Seq #811, o#811 ) handlePacket
191111 203527.557|INFO|Thread-11|dumpPacket|  From: SERVER0 @ site 1, oSERVER0 @ site 1 (pc2prod.encs.concordia.ca @ 127.0.0.1) (Contest Id: Lab_6_2_Mon_1945--3825515035479592528)
191111 203527.557|INFO|Thread-11|dumpPacket|    To: TEAM40131284 @ site 1
191111 203527.557|INFO|Thread-11|dumpPacket|   key: RUN is: edu.csus.ecs.pc2.core.model.Run Run 88 QUEUED_FOR_COMPUTER_JUDGEMENT 48 min 2930634ms from TEAM40131284 @ site 1 id Run--2522832075959839975 problem problem1--5646042702935087510 lang Java-6674820217996524370
191111 203529.220|INFO|Thread-12|info| receiveObject(S) start got Packet[RUN_JUDGEMENT] #815 SERVER0 @ site 1 -> TEAM40131284 @ site 1
191111 203529.221|INFO|Thread-12|dumpPacket|Packet RUN_JUDGEMENT (Seq #815, o#815 ) recieveObject
191111 203529.221|INFO|Thread-12|dumpPacket|  From: SERVER0 @ site 1, oSERVER0 @ site 1 (pc2prod.encs.concordia.ca @ 127.0.0.1) (Contest Id: Lab_6_2_Mon_1945--3825515035479592528)
191111 203529.221|INFO|Thread-12|dumpPacket|    To: TEAM40131284 @ site 1
191111 203529.221|INFO|Thread-12|dumpPacket|   key: JUDGEMENT_RECORD is: edu.csus.ecs.pc2.core.model.JudgementRecord No by JUDGE1 @ site 1 judgement No_-_Wrong_Answer--7263614786806268704 id JudgementRecord-1645033873935728188
191111 203529.221|INFO|Thread-12|dumpPacket|   key: CLIENT_ID is: edu.csus.ecs.pc2.core.model.ClientId SERVER0 @ site 1
191111 203529.221|INFO|Thread-12|dumpPacket|   key: RUN is: edu.csus.ecs.pc2.core.model.Run Run 88 JUDGED 48 min 2930634ms from TEAM40131284 @ site 1 id Run--2522832075959839975 problem problem1--5646042702935087510 lang Java-6674820217996524370
191111 203529.221|INFO|Thread-12|info|handlePacket start Packet[RUN_JUDGEMENT] #815 SERVER0 @ site 1 -> TEAM40131284 @ site 1
191111 203529.221|INFO|Thread-12|dumpPacket|Packet RUN_JUDGEMENT (Seq #815, o#815 ) handlePacket
191111 203529.221|INFO|Thread-12|dumpPacket|  From: SERVER0 @ site 1, oSERVER0 @ site 1 (pc2prod.encs.concordia.ca @ 127.0.0.1) (Contest Id: Lab_6_2_Mon_1945--3825515035479592528)
191111 203529.221|INFO|Thread-12|dumpPacket|    To: TEAM40131284 @ site 1
191111 203529.221|INFO|Thread-12|dumpPacket|   key: JUDGEMENT_RECORD is: edu.csus.ecs.pc2.core.model.JudgementRecord No by JUDGE1 @ site 1 judgement No_-_Wrong_Answer--7263614786806268704 id JudgementRecord-1645033873935728188
191111 203529.221|INFO|Thread-12|dumpPacket|   key: CLIENT_ID is: edu.csus.ecs.pc2.core.model.ClientId SERVER0 @ site 1
191111 203529.222|INFO|Thread-12|dumpPacket|   key: RUN is: edu.csus.ecs.pc2.core.model.Run Run 88 JUDGED 48 min 2930634ms from TEAM40131284 @ site 1 id Run--2522832075959839975 problem problem1--5646042702935087510 lang Java-6674820217996524370
191111 203534.350|INFO|Thread-12|runChanged|RunsPane.RunListener: Action=CHANGED; DetailedAction=null; msg=null; run=Run 88 JUDGED 48 min 2930634ms from TEAM40131284 @ site 1 id Run--2522832075959839975 problem problem1--5646042702935087510 lang Java-6674820217996524370; runFiles=null
191111 203534.351|INFO|Thread-12|runChanged|Event not for me: sent to null but my ID is TEAM40131284 @ site 1
191111 203534.351|INFO|Thread-12|info| receiveObject(S) end   got Packet[RUN_JUDGEMENT] #815 SERVER0 @ site 1 -> TEAM40131284 @ site 1
191111 203535.566|INFO|Thread-11|info| receiveObject(S) end   got Packet[RUN_SUBMISSION_CONFIRM] #811 SERVER0 @ site 1 -> TEAM40131284 @ site 1
191111 203616.681|INFO|Thread-13|testRun|test run for problem1 Java file: D:\Wamp64\www\GitHub\University\COMP-248\Lab6\src\Lab6.java
191111 203616.692|DEBUG|Thread-13|compileProgram|before substitution: javac {:mainfile}
191111 203616.693|DEBUG|Thread-13|compileProgram|after  substitution: javac Lab6.java
191111 203616.703|CONFIG|Thread-13|runProgram|executing: 'javac Lab6.java'
191111 203616.705|CONFIG|Thread-13|runProgram|Note: exec failed in RunProgram Cannot run program "javac" (in directory "executesite1team40131284"): CreateProcess error=2, The system cannot find the file specified
191111 203616.898|INFO|Thread-13|showDialogToUser|Unable to find/execute compiler using the command "javac Lab6.java", contact staff
191111 203737.277|INFO|Thread-15|info| receiveObject(S) start got Packet[CLOCK_STOPPED] #920 SERVER0 @ site 1 -> SERVER0 @ site 0
191111 203737.278|INFO|Thread-15|dumpPacket|Packet CLOCK_STOPPED (Seq #920, o#920 ) recieveObject
191111 203737.278|INFO|Thread-15|dumpPacket|  From: SERVER0 @ site 1, oSERVER0 @ site 1 (pc2prod.encs.concordia.ca @ 127.0.0.1) (Contest Id: Lab_6_2_Mon_1945--3825515035479592528)
191111 203737.278|INFO|Thread-15|dumpPacket|    To: SERVER0 @ site 0
191111 203737.278|INFO|Thread-15|dumpPacket|   key: CLIENT_ID is: edu.csus.ecs.pc2.core.model.ClientId ADMINISTRATOR1 @ site 1
191111 203737.278|INFO|Thread-15|dumpPacket|   key: SITE_NUMBER is: java.lang.Integer 1
191111 203737.278|INFO|Thread-15|info|handlePacket start Packet[CLOCK_STOPPED] #920 SERVER0 @ site 1 -> SERVER0 @ site 0
191111 203737.278|INFO|Thread-15|dumpPacket|Packet CLOCK_STOPPED (Seq #920, o#920 ) handlePacket
191111 203737.278|INFO|Thread-15|dumpPacket|  From: SERVER0 @ site 1, oSERVER0 @ site 1 (pc2prod.encs.concordia.ca @ 127.0.0.1) (Contest Id: Lab_6_2_Mon_1945--3825515035479592528)
191111 203737.278|INFO|Thread-15|dumpPacket|    To: SERVER0 @ site 0
191111 203737.278|INFO|Thread-15|dumpPacket|   key: CLIENT_ID is: edu.csus.ecs.pc2.core.model.ClientId ADMINISTRATOR1 @ site 1
191111 203737.278|INFO|Thread-15|dumpPacket|   key: SITE_NUMBER is: java.lang.Integer 1
191111 203737.279|INFO|Thread-15|info|Clock for site 1 stopped by ADMINISTRATOR1 @ site 1 elapsed 0:50:59
191111 203737.279|INFO|Thread-15|info| receiveObject(S) end   got Packet[CLOCK_STOPPED] #920 SERVER0 @ site 1 -> SERVER0 @ site 0
191118 202117.904|CONFIG|Thread-5|setFileHandlers|Now logging to D:\Wamp64\www\GitHub\University\COMP-248\comp248_labs\bin\logs directory.
191118 202117.904|INFO|Thread-5|info|
191118 202117.904|INFO|Thread-5|info|Version 9.6.0 () Java ver 1.8.0_221 build 5102 Windows 10 10.0 (x86) 
191118 202117.904|INFO|Thread-5|info|Login: team40131284 (aka team40131284)
191118 202117.904|INFO|Thread-5|startLog|Working directory is D:\Wamp64\www\GitHub\University\COMP-248\comp248_labs\bin
191118 202117.904|INFO|Thread-5|startLog|Process id is 9388@DESKTOP-0RQ392J
191118 202117.904|INFO|Thread-5|info|Attempting to load UI class edu.csus.ecs.pc2.ui.team.TeamView
191118 202117.912|INFO|Thread-5|info|Loaded UI class edu.csus.ecs.pc2.ui.team.TeamView
191118 202118.031|INFO|Thread-5|info| handlePacket original LOGIN_SUCCESS after -- all settings loaded 
191118 202118.031|INFO|Thread-5|info|handlePacket end Packet[LOGIN_SUCCESS] #3467 SERVER0 @ site 1 -> TEAM40131284 @ site 1
191118 202118.031|INFO|Thread-5|info| receiveObject(S) end   got Packet[LOGIN_SUCCESS] #3467 SERVER0 @ site 1 -> TEAM40131284 @ site 1
191118 202250.583|INFO|AWT-EventQueue-0|testOrSubmitRun|submitRun for problem1 Java file: D:\Wamp64\www\GitHub\University\COMP-248\Lab 7 - Handout - Group 2\Lab7_2_ForStudents\Train_2.java
191118 202250.584|INFO|AWT-EventQueue-0|sendToLocalServer|Sending packet to server Packet[RUN_SUBMISSION] #2 TEAM40131284 @ site 1 -> SERVER0 @ site 1
191118 202250.584|INFO|AWT-EventQueue-0|sendToLocalServer|Sent    packet to server Packet[RUN_SUBMISSION] #2 TEAM40131284 @ site 1 -> SERVER0 @ site 1
191118 202250.657|INFO|Thread-8|info| receiveObject(S) start got Packet[RUN_SUBMISSION_CONFIRM] #3469 SERVER0 @ site 1 -> TEAM40131284 @ site 1
191118 202250.658|INFO|Thread-8|dumpPacket|Packet RUN_SUBMISSION_CONFIRM (Seq #3469, o#3469 ) recieveObject
191118 202250.658|INFO|Thread-8|dumpPacket|  From: SERVER0 @ site 1, oSERVER0 @ site 1 (pc2prod.encs.concordia.ca @ 127.0.0.1) (Contest Id: Lab_7_2_Mon_1945-3889472833956373218)
191118 202250.658|INFO|Thread-8|dumpPacket|    To: TEAM40131284 @ site 1
191118 202250.658|INFO|Thread-8|dumpPacket|   key: RUN is: edu.csus.ecs.pc2.core.model.Run Run 32 QUEUED_FOR_COMPUTER_JUDGEMENT 25 min 1508240ms from TEAM40131284 @ site 1 id Run-5052816352642629393 problem problem1-3546319761857843493 lang Java-6674820217996524370
191118 202250.659|INFO|Thread-8|info|handlePacket start Packet[RUN_SUBMISSION_CONFIRM] #3469 SERVER0 @ site 1 -> TEAM40131284 @ site 1
191118 202250.659|INFO|Thread-8|dumpPacket|Packet RUN_SUBMISSION_CONFIRM (Seq #3469, o#3469 ) handlePacket
191118 202250.659|INFO|Thread-8|dumpPacket|  From: SERVER0 @ site 1, oSERVER0 @ site 1 (pc2prod.encs.concordia.ca @ 127.0.0.1) (Contest Id: Lab_7_2_Mon_1945-3889472833956373218)
191118 202250.659|INFO|Thread-8|dumpPacket|    To: TEAM40131284 @ site 1
191118 202250.659|INFO|Thread-8|dumpPacket|   key: RUN is: edu.csus.ecs.pc2.core.model.Run Run 32 QUEUED_FOR_COMPUTER_JUDGEMENT 25 min 1508240ms from TEAM40131284 @ site 1 id Run-5052816352642629393 problem problem1-3546319761857843493 lang Java-6674820217996524370
191118 202251.355|INFO|Thread-9|info| receiveObject(S) start got Packet[RUN_JUDGEMENT] #3473 SERVER0 @ site 1 -> TEAM40131284 @ site 1
191118 202251.356|INFO|Thread-9|dumpPacket|Packet RUN_JUDGEMENT (Seq #3473, o#3473 ) recieveObject
191118 202251.356|INFO|Thread-9|dumpPacket|  From: SERVER0 @ site 1, oSERVER0 @ site 1 (pc2prod.encs.concordia.ca @ 127.0.0.1) (Contest Id: Lab_7_2_Mon_1945-3889472833956373218)
191118 202251.356|INFO|Thread-9|dumpPacket|    To: TEAM40131284 @ site 1
191118 202251.356|INFO|Thread-9|dumpPacket|   key: JUDGEMENT_RECORD is: edu.csus.ecs.pc2.core.model.JudgementRecord No by JUDGE1 @ site 1 judgement No_-_Compilation_Error-5429098804453891883 id JudgementRecord-6700291582001866815
191118 202251.356|INFO|Thread-9|dumpPacket|   key: CLIENT_ID is: edu.csus.ecs.pc2.core.model.ClientId SERVER0 @ site 1
191118 202251.356|INFO|Thread-9|dumpPacket|   key: RUN is: edu.csus.ecs.pc2.core.model.Run Run 32 JUDGED 25 min 1508240ms from TEAM40131284 @ site 1 id Run-5052816352642629393 problem problem1-3546319761857843493 lang Java-6674820217996524370
191118 202251.356|INFO|Thread-9|info|handlePacket start Packet[RUN_JUDGEMENT] #3473 SERVER0 @ site 1 -> TEAM40131284 @ site 1
191118 202251.356|INFO|Thread-9|dumpPacket|Packet RUN_JUDGEMENT (Seq #3473, o#3473 ) handlePacket
191118 202251.356|INFO|Thread-9|dumpPacket|  From: SERVER0 @ site 1, oSERVER0 @ site 1 (pc2prod.encs.concordia.ca @ 127.0.0.1) (Contest Id: Lab_7_2_Mon_1945-3889472833956373218)
191118 202251.356|INFO|Thread-9|dumpPacket|    To: TEAM40131284 @ site 1
191118 202251.356|INFO|Thread-9|dumpPacket|   key: JUDGEMENT_RECORD is: edu.csus.ecs.pc2.core.model.JudgementRecord No by JUDGE1 @ site 1 judgement No_-_Compilation_Error-5429098804453891883 id JudgementRecord-6700291582001866815
191118 202251.357|INFO|Thread-9|dumpPacket|   key: CLIENT_ID is: edu.csus.ecs.pc2.core.model.ClientId SERVER0 @ site 1
191118 202251.357|INFO|Thread-9|dumpPacket|   key: RUN is: edu.csus.ecs.pc2.core.model.Run Run 32 JUDGED 25 min 1508240ms from TEAM40131284 @ site 1 id Run-5052816352642629393 problem problem1-3546319761857843493 lang Java-6674820217996524370
191118 202253.617|INFO|Thread-9|runChanged|RunsPane.RunListener: Action=CHANGED; DetailedAction=null; msg=null; run=Run 32 JUDGED 25 min 1508240ms from TEAM40131284 @ site 1 id Run-5052816352642629393 problem problem1-3546319761857843493 lang Java-6674820217996524370; runFiles=null
191118 202253.617|INFO|Thread-9|runChanged|Event not for me: sent to null but my ID is TEAM40131284 @ site 1
191118 202253.618|INFO|Thread-9|info| receiveObject(S) end   got Packet[RUN_JUDGEMENT] #3473 SERVER0 @ site 1 -> TEAM40131284 @ site 1
191118 202254.346|INFO|Thread-8|info| receiveObject(S) end   got Packet[RUN_SUBMISSION_CONFIRM] #3469 SERVER0 @ site 1 -> TEAM40131284 @ site 1
191118 202303.029|INFO|AWT-EventQueue-0|testOrSubmitRun|submitRun for problem1 Java file: D:\Wamp64\www\GitHub\University\COMP-248\Lab 7 - Handout - Group 2\Lab7_2_ForStudents\Train_2.java
191118 202303.029|INFO|AWT-EventQueue-0|sendToLocalServer|Sending packet to server Packet[RUN_SUBMISSION] #3 TEAM40131284 @ site 1 -> SERVER0 @ site 1
191118 202303.029|INFO|AWT-EventQueue-0|sendToLocalServer|Sent    packet to server Packet[RUN_SUBMISSION] #3 TEAM40131284 @ site 1 -> SERVER0 @ site 1
191118 202303.111|INFO|Thread-11|info| receiveObject(S) start got Packet[RUN_SUBMISSION_CONFIRM] #3475 SERVER0 @ site 1 -> TEAM40131284 @ site 1
191118 202303.111|INFO|Thread-11|dumpPacket|Packet RUN_SUBMISSION_CONFIRM (Seq #3475, o#3475 ) recieveObject
191118 202303.111|INFO|Thread-11|dumpPacket|  From: SERVER0 @ site 1, oSERVER0 @ site 1 (pc2prod.encs.concordia.ca @ 127.0.0.1) (Contest Id: Lab_7_2_Mon_1945-3889472833956373218)
191118 202303.111|INFO|Thread-11|dumpPacket|    To: TEAM40131284 @ site 1
191118 202303.111|INFO|Thread-11|dumpPacket|   key: RUN is: edu.csus.ecs.pc2.core.model.Run Run 33 QUEUED_FOR_COMPUTER_JUDGEMENT 25 min 1520684ms from TEAM40131284 @ site 1 id Run--409540312330298784 problem problem1-3546319761857843493 lang Java-6674820217996524370
191118 202303.111|INFO|Thread-11|info|handlePacket start Packet[RUN_SUBMISSION_CONFIRM] #3475 SERVER0 @ site 1 -> TEAM40131284 @ site 1
191118 202303.111|INFO|Thread-11|dumpPacket|Packet RUN_SUBMISSION_CONFIRM (Seq #3475, o#3475 ) handlePacket
191118 202303.112|INFO|Thread-11|dumpPacket|  From: SERVER0 @ site 1, oSERVER0 @ site 1 (pc2prod.encs.concordia.ca @ 127.0.0.1) (Contest Id: Lab_7_2_Mon_1945-3889472833956373218)
191118 202303.112|INFO|Thread-11|dumpPacket|    To: TEAM40131284 @ site 1
191118 202303.112|INFO|Thread-11|dumpPacket|   key: RUN is: edu.csus.ecs.pc2.core.model.Run Run 33 QUEUED_FOR_COMPUTER_JUDGEMENT 25 min 1520684ms from TEAM40131284 @ site 1 id Run--409540312330298784 problem problem1-3546319761857843493 lang Java-6674820217996524370
191118 202304.940|INFO|Thread-12|info| receiveObject(S) start got Packet[RUN_JUDGEMENT] #3479 SERVER0 @ site 1 -> TEAM40131284 @ site 1
191118 202304.940|INFO|Thread-12|dumpPacket|Packet RUN_JUDGEMENT (Seq #3479, o#3479 ) recieveObject
191118 202304.941|INFO|Thread-12|dumpPacket|  From: SERVER0 @ site 1, oSERVER0 @ site 1 (pc2prod.encs.concordia.ca @ 127.0.0.1) (Contest Id: Lab_7_2_Mon_1945-3889472833956373218)
191118 202304.941|INFO|Thread-12|dumpPacket|    To: TEAM40131284 @ site 1
191118 202304.941|INFO|Thread-12|dumpPacket|   key: JUDGEMENT_RECORD is: edu.csus.ecs.pc2.core.model.JudgementRecord No by JUDGE1 @ site 1 judgement No_-_Compilation_Error-5429098804453891883 id JudgementRecord--3949202474404733247
191118 202304.941|INFO|Thread-12|dumpPacket|   key: CLIENT_ID is: edu.csus.ecs.pc2.core.model.ClientId SERVER0 @ site 1
191118 202304.941|INFO|Thread-12|dumpPacket|   key: RUN is: edu.csus.ecs.pc2.core.model.Run Run 33 JUDGED 25 min 1520684ms from TEAM40131284 @ site 1 id Run--409540312330298784 problem problem1-3546319761857843493 lang Java-6674820217996524370
191118 202304.941|INFO|Thread-12|info|handlePacket start Packet[RUN_JUDGEMENT] #3479 SERVER0 @ site 1 -> TEAM40131284 @ site 1
191118 202304.941|INFO|Thread-12|dumpPacket|Packet RUN_JUDGEMENT (Seq #3479, o#3479 ) handlePacket
191118 202304.941|INFO|Thread-12|dumpPacket|  From: SERVER0 @ site 1, oSERVER0 @ site 1 (pc2prod.encs.concordia.ca @ 127.0.0.1) (Contest Id: Lab_7_2_Mon_1945-3889472833956373218)
191118 202304.941|INFO|Thread-12|dumpPacket|    To: TEAM40131284 @ site 1
191118 202304.941|INFO|Thread-12|dumpPacket|   key: JUDGEMENT_RECORD is: edu.csus.ecs.pc2.core.model.JudgementRecord No by JUDGE1 @ site 1 judgement No_-_Compilation_Error-5429098804453891883 id JudgementRecord--3949202474404733247
191118 202304.941|INFO|Thread-12|dumpPacket|   key: CLIENT_ID is: edu.csus.ecs.pc2.core.model.ClientId SERVER0 @ site 1
191118 202304.941|INFO|Thread-12|dumpPacket|   key: RUN is: edu.csus.ecs.pc2.core.model.Run Run 33 JUDGED 25 min 1520684ms from TEAM40131284 @ site 1 id Run--409540312330298784 problem problem1-3546319761857843493 lang Java-6674820217996524370
191118 202305.957|INFO|Thread-12|runChanged|RunsPane.RunListener: Action=CHANGED; DetailedAction=null; msg=null; run=Run 33 JUDGED 25 min 1520684ms from TEAM40131284 @ site 1 id Run--409540312330298784 problem problem1-3546319761857843493 lang Java-6674820217996524370; runFiles=null
191118 202305.958|INFO|Thread-12|runChanged|Event not for me: sent to null but my ID is TEAM40131284 @ site 1
191118 202305.958|INFO|Thread-12|info| receiveObject(S) end   got Packet[RUN_JUDGEMENT] #3479 SERVER0 @ site 1 -> TEAM40131284 @ site 1
191118 202306.792|INFO|Thread-11|info| receiveObject(S) end   got Packet[RUN_SUBMISSION_CONFIRM] #3475 SERVER0 @ site 1 -> TEAM40131284 @ site 1
191118 202344.873|INFO|AWT-EventQueue-0|testOrSubmitRun|submitRun for problem1 Java file: D:\Wamp64\www\GitHub\University\COMP-248\Lab7\src\Train_2.java
191118 202344.874|INFO|AWT-EventQueue-0|sendToLocalServer|Sending packet to server Packet[RUN_SUBMISSION] #4 TEAM40131284 @ site 1 -> SERVER0 @ site 1
191118 202344.874|INFO|AWT-EventQueue-0|sendToLocalServer|Sent    packet to server Packet[RUN_SUBMISSION] #4 TEAM40131284 @ site 1 -> SERVER0 @ site 1
191118 202344.956|INFO|Thread-14|info| receiveObject(S) start got Packet[RUN_SUBMISSION_CONFIRM] #3481 SERVER0 @ site 1 -> TEAM40131284 @ site 1
191118 202344.957|INFO|Thread-14|dumpPacket|Packet RUN_SUBMISSION_CONFIRM (Seq #3481, o#3481 ) recieveObject
191118 202344.957|INFO|Thread-14|dumpPacket|  From: SERVER0 @ site 1, oSERVER0 @ site 1 (pc2prod.encs.concordia.ca @ 127.0.0.1) (Contest Id: Lab_7_2_Mon_1945-3889472833956373218)
191118 202344.957|INFO|Thread-14|dumpPacket|    To: TEAM40131284 @ site 1
191118 202344.957|INFO|Thread-14|dumpPacket|   key: RUN is: edu.csus.ecs.pc2.core.model.Run Run 34 QUEUED_FOR_COMPUTER_JUDGEMENT 26 min 1562522ms from TEAM40131284 @ site 1 id Run--1131270623400735675 problem problem1-3546319761857843493 lang Java-6674820217996524370
191118 202344.957|INFO|Thread-14|info|handlePacket start Packet[RUN_SUBMISSION_CONFIRM] #3481 SERVER0 @ site 1 -> TEAM40131284 @ site 1
191118 202344.957|INFO|Thread-14|dumpPacket|Packet RUN_SUBMISSION_CONFIRM (Seq #3481, o#3481 ) handlePacket
191118 202344.957|INFO|Thread-14|dumpPacket|  From: SERVER0 @ site 1, oSERVER0 @ site 1 (pc2prod.encs.concordia.ca @ 127.0.0.1) (Contest Id: Lab_7_2_Mon_1945-3889472833956373218)
191118 202344.957|INFO|Thread-14|dumpPacket|    To: TEAM40131284 @ site 1
191118 202344.957|INFO|Thread-14|dumpPacket|   key: RUN is: edu.csus.ecs.pc2.core.model.Run Run 34 QUEUED_FOR_COMPUTER_JUDGEMENT 26 min 1562522ms from TEAM40131284 @ site 1 id Run--1131270623400735675 problem problem1-3546319761857843493 lang Java-6674820217996524370
191118 202346.150|INFO|Thread-15|info| receiveObject(S) start got Packet[RUN_JUDGEMENT] #3485 SERVER0 @ site 1 -> TEAM40131284 @ site 1
191118 202346.150|INFO|Thread-15|dumpPacket|Packet RUN_JUDGEMENT (Seq #3485, o#3485 ) recieveObject
191118 202346.150|INFO|Thread-15|dumpPacket|  From: SERVER0 @ site 1, oSERVER0 @ site 1 (pc2prod.encs.concordia.ca @ 127.0.0.1) (Contest Id: Lab_7_2_Mon_1945-3889472833956373218)
191118 202346.150|INFO|Thread-15|dumpPacket|    To: TEAM40131284 @ site 1
191118 202346.151|INFO|Thread-15|dumpPacket|   key: JUDGEMENT_RECORD is: edu.csus.ecs.pc2.core.model.JudgementRecord Yes by JUDGE1 @ site 1 judgement Yes-5207136193228953640 id JudgementRecord--2754175045031568090
191118 202346.151|INFO|Thread-15|dumpPacket|   key: CLIENT_ID is: edu.csus.ecs.pc2.core.model.ClientId SERVER0 @ site 1
191118 202346.151|INFO|Thread-15|dumpPacket|   key: RUN is: edu.csus.ecs.pc2.core.model.Run Run 34 JUDGED 26 min 1562522ms from TEAM40131284 @ site 1 id Run--1131270623400735675 problem problem1-3546319761857843493 lang Java-6674820217996524370
191118 202346.151|INFO|Thread-15|info|handlePacket start Packet[RUN_JUDGEMENT] #3485 SERVER0 @ site 1 -> TEAM40131284 @ site 1
191118 202346.151|INFO|Thread-15|dumpPacket|Packet RUN_JUDGEMENT (Seq #3485, o#3485 ) handlePacket
191118 202346.151|INFO|Thread-15|dumpPacket|  From: SERVER0 @ site 1, oSERVER0 @ site 1 (pc2prod.encs.concordia.ca @ 127.0.0.1) (Contest Id: Lab_7_2_Mon_1945-3889472833956373218)
191118 202346.151|INFO|Thread-15|dumpPacket|    To: TEAM40131284 @ site 1
191118 202346.151|INFO|Thread-15|dumpPacket|   key: JUDGEMENT_RECORD is: edu.csus.ecs.pc2.core.model.JudgementRecord Yes by JUDGE1 @ site 1 judgement Yes-5207136193228953640 id JudgementRecord--2754175045031568090
191118 202346.151|INFO|Thread-15|dumpPacket|   key: CLIENT_ID is: edu.csus.ecs.pc2.core.model.ClientId SERVER0 @ site 1
191118 202346.151|INFO|Thread-15|dumpPacket|   key: RUN is: edu.csus.ecs.pc2.core.model.Run Run 34 JUDGED 26 min 1562522ms from TEAM40131284 @ site 1 id Run--1131270623400735675 problem problem1-3546319761857843493 lang Java-6674820217996524370
191118 202347.015|INFO|Thread-15|runChanged|RunsPane.RunListener: Action=CHANGED; DetailedAction=null; msg=null; run=Run 34 JUDGED 26 min 1562522ms from TEAM40131284 @ site 1 id Run--1131270623400735675 problem problem1-3546319761857843493 lang Java-6674820217996524370; runFiles=null
191118 202347.015|INFO|Thread-15|runChanged|Event not for me: sent to null but my ID is TEAM40131284 @ site 1
191118 202347.015|INFO|Thread-15|info| receiveObject(S) end   got Packet[RUN_JUDGEMENT] #3485 SERVER0 @ site 1 -> TEAM40131284 @ site 1
191118 202347.649|INFO|Thread-14|info| receiveObject(S) end   got Packet[RUN_SUBMISSION_CONFIRM] #3481 SERVER0 @ site 1 -> TEAM40131284 @ site 1
