d:\wamp64\www\github\university\garbage\shadomath\shadomath\x64\debug\vc142.pdb
d:\wamp64\www\github\university\garbage\shadomath\shadomath\x64\debug\vc142.idb
d:\wamp64\www\github\university\garbage\shadomath\shadomath\x64\debug\shadovector.obj
d:\wamp64\www\github\university\garbage\shadomath\shadomath\x64\debug\shadomath.obj
d:\wamp64\www\github\university\garbage\shadomath\shadomath\x64\debug\shado.obj
d:\wamp64\www\github\university\garbage\shadomath\shadomath\x64\debug\matrix.obj
d:\wamp64\www\github\university\garbage\shadomath\shadomath\x64\debug\fraction.obj
d:\wamp64\www\github\university\garbage\shadomath\shadomath\x64\debug\date.obj
d:\wamp64\www\github\university\garbage\shadomath\shadomath\x64\debug\complex.obj
c:\wamp64\www\github\university\garbage\shadomath\x64\debug\shadomath.exe
c:\wamp64\www\github\university\garbage\shadomath\x64\debug\shadomath.ilk
c:\wamp64\www\github\university\garbage\shadomath\x64\debug\shadomath.pdb
d:\wamp64\www\github\university\garbage\shadomath\x64\debug\shadomath.exe
d:\wamp64\www\github\university\garbage\shadomath\x64\debug\shadomath.ilk
d:\wamp64\www\github\university\garbage\shadomath\x64\debug\shadomath.pdb
c:\wamp64\www\github\university\garbage\shadomath\shadomath\x64\debug\complex.obj
c:\wamp64\www\github\university\garbage\shadomath\shadomath\x64\debug\date.obj
c:\wamp64\www\github\university\garbage\shadomath\shadomath\x64\debug\fraction.obj
c:\wamp64\www\github\university\garbage\shadomath\shadomath\x64\debug\matrix.obj
c:\wamp64\www\github\university\garbage\shadomath\shadomath\x64\debug\shado.obj
c:\wamp64\www\github\university\garbage\shadomath\shadomath\x64\debug\shadomath.obj
c:\wamp64\www\github\university\garbage\shadomath\shadomath\x64\debug\shadovector.obj
c:\wamp64\www\github\university\garbage\shadomath\shadomath\x64\debug\vc142.idb
c:\wamp64\www\github\university\garbage\shadomath\shadomath\x64\debug\vc142.pdb
c:\wamp64\www\github\university\garbage\shadomath\shadomath\x64\debug\shadomath.tlog\cl.command.1.tlog
c:\wamp64\www\github\university\garbage\shadomath\shadomath\x64\debug\shadomath.tlog\cl.read.1.tlog
c:\wamp64\www\github\university\garbage\shadomath\shadomath\x64\debug\shadomath.tlog\cl.write.1.tlog
c:\wamp64\www\github\university\garbage\shadomath\shadomath\x64\debug\shadomath.tlog\link.command.1.tlog
c:\wamp64\www\github\university\garbage\shadomath\shadomath\x64\debug\shadomath.tlog\link.read.1.tlog
c:\wamp64\www\github\university\garbage\shadomath\shadomath\x64\debug\shadomath.tlog\link.write.1.tlog
